2026-03-23 23:18:45 [background-preinit] INFO  org.hibernate.validator.internal.util.Version [traceId=, spanId=] - HV000001: Hibernate Validator 8.0.2.Final
2026-03-23 23:18:45 [main] INFO  com.lbb.apigateway.ApigatewayApplication [traceId=, spanId=] - Starting ApigatewayApplication using Java 17.0.6 with PID 43930 (/Users/thavisoukkhounlasapiphak/Desktop/EXTERNAL_PROJECT/API_GATEWAY_LBB/source_code/backend/apigateway/target/classes started by thavisoukkhounlasapiphak in /Users/thavisoukkhounlasapiphak/Desktop/EXTERNAL_PROJECT/API_GATEWAY_LBB/source_code/backend/apigateway)
2026-03-23 23:18:45 [main] INFO  com.lbb.apigateway.ApigatewayApplication [traceId=, spanId=] - The following 1 profile is active: "dev"
2026-03-23 23:18:46 [main] TRACE org.springframework.cloud.gateway.config.GatewayAutoConfiguration$OnVerboseDisabledCondition [traceId=, spanId=] - Condition GatewayAutoConfiguration.OnVerboseDisabledCondition on org.springframework.cloud.gateway.config.GatewayAutoConfiguration$GatewayActuatorConfiguration#gatewayLegacyControllerEndpoint did not match due to NoneNestedConditions 1 matched 0 did not; NestedCondition on GatewayAutoConfiguration.OnVerboseDisabledCondition.VerboseDisabled @ConditionalOnProperty (spring.cloud.gateway.actuator.verbose.enabled) matched
2026-03-23 23:18:46 [main] TRACE org.springframework.cloud.gateway.config.conditional.OnEnabledGlobalFilter [traceId=, spanId=] - Condition OnEnabledGlobalFilter on org.springframework.cloud.gateway.config.GatewayAutoConfiguration$NettyConfiguration#routingFilter matched
2026-03-23 23:18:46 [main] TRACE org.springframework.cloud.gateway.config.conditional.OnEnabledGlobalFilter [traceId=, spanId=] - Condition OnEnabledGlobalFilter on org.springframework.cloud.gateway.config.GatewayAutoConfiguration$NettyConfiguration#nettyWriteResponseFilter matched
2026-03-23 23:18:46 [main] TRACE org.springframework.cloud.gateway.config.conditional.OnEnabledGlobalFilter [traceId=, spanId=] - Condition OnEnabledGlobalFilter on org.springframework.cloud.gateway.config.GatewayAutoConfiguration$NettyConfiguration#reactorNettyWebSocketClient matched
2026-03-23 23:18:46 [main] TRACE org.springframework.cloud.gateway.config.conditional.OnEnabledGlobalFilter [traceId=, spanId=] - Condition OnEnabledGlobalFilter on org.springframework.cloud.gateway.config.GatewayAutoConfiguration$NettyConfiguration#reactorNettyRequestUpgradeStrategy matched
2026-03-23 23:18:46 [main] TRACE org.springframework.cloud.gateway.config.conditional.OnEnabledGlobalFilter [traceId=, spanId=] - Condition OnEnabledGlobalFilter on org.springframework.cloud.gateway.config.GatewayAutoConfiguration#adaptCachedBodyGlobalFilter matched
2026-03-23 23:18:46 [main] TRACE org.springframework.cloud.gateway.config.conditional.OnEnabledGlobalFilter [traceId=, spanId=] - Condition OnEnabledGlobalFilter on org.springframework.cloud.gateway.config.GatewayAutoConfiguration#removeCachedBodyFilter matched
2026-03-23 23:18:46 [main] TRACE org.springframework.cloud.gateway.config.conditional.OnEnabledGlobalFilter [traceId=, spanId=] - Condition OnEnabledGlobalFilter on org.springframework.cloud.gateway.config.GatewayAutoConfiguration#routeToRequestUrlFilter matched
2026-03-23 23:18:46 [main] TRACE org.springframework.cloud.gateway.config.conditional.OnEnabledGlobalFilter [traceId=, spanId=] - Condition OnEnabledGlobalFilter on org.springframework.cloud.gateway.config.GatewayAutoConfiguration#forwardRoutingFilter matched
2026-03-23 23:18:46 [main] TRACE org.springframework.cloud.gateway.config.conditional.OnEnabledGlobalFilter [traceId=, spanId=] - Condition OnEnabledGlobalFilter on org.springframework.cloud.gateway.config.GatewayAutoConfiguration#forwardPathFilter matched
2026-03-23 23:18:46 [main] TRACE org.springframework.cloud.gateway.config.conditional.OnEnabledGlobalFilter [traceId=, spanId=] - Condition OnEnabledGlobalFilter on org.springframework.cloud.gateway.config.GatewayAutoConfiguration#webSocketService matched
2026-03-23 23:18:46 [main] TRACE org.springframework.cloud.gateway.config.conditional.OnEnabledGlobalFilter [traceId=, spanId=] - Condition OnEnabledGlobalFilter on org.springframework.cloud.gateway.config.GatewayAutoConfiguration#websocketRoutingFilter matched
2026-03-23 23:18:46 [main] TRACE org.springframework.cloud.gateway.config.conditional.OnEnabledPredicate [traceId=, spanId=] - Condition OnEnabledPredicate on org.springframework.cloud.gateway.config.GatewayAutoConfiguration#weightCalculatorWebFilter matched
2026-03-23 23:18:46 [main] TRACE org.springframework.cloud.gateway.config.conditional.OnEnabledPredicate [traceId=, spanId=] - Condition OnEnabledPredicate on org.springframework.cloud.gateway.config.GatewayAutoConfiguration#afterRoutePredicateFactory matched
2026-03-23 23:18:46 [main] TRACE org.springframework.cloud.gateway.config.conditional.OnEnabledPredicate [traceId=, spanId=] - Condition OnEnabledPredicate on org.springframework.cloud.gateway.config.GatewayAutoConfiguration#beforeRoutePredicateFactory matched
2026-03-23 23:18:46 [main] TRACE org.springframework.cloud.gateway.config.conditional.OnEnabledPredicate [traceId=, spanId=] - Condition OnEnabledPredicate on org.springframework.cloud.gateway.config.GatewayAutoConfiguration#betweenRoutePredicateFactory matched
2026-03-23 23:18:46 [main] TRACE org.springframework.cloud.gateway.config.conditional.OnEnabledPredicate [traceId=, spanId=] - Condition OnEnabledPredicate on org.springframework.cloud.gateway.config.GatewayAutoConfiguration#cookieRoutePredicateFactory matched
2026-03-23 23:18:46 [main] TRACE org.springframework.cloud.gateway.config.conditional.OnEnabledPredicate [traceId=, spanId=] - Condition OnEnabledPredicate on org.springframework.cloud.gateway.config.GatewayAutoConfiguration#headerRoutePredicateFactory matched
2026-03-23 23:18:46 [main] TRACE org.springframework.cloud.gateway.config.conditional.OnEnabledPredicate [traceId=, spanId=] - Condition OnEnabledPredicate on org.springframework.cloud.gateway.config.GatewayAutoConfiguration#hostRoutePredicateFactory matched
2026-03-23 23:18:46 [main] TRACE org.springframework.cloud.gateway.config.conditional.OnEnabledPredicate [traceId=, spanId=] - Condition OnEnabledPredicate on org.springframework.cloud.gateway.config.GatewayAutoConfiguration#methodRoutePredicateFactory matched
2026-03-23 23:18:46 [main] TRACE org.springframework.cloud.gateway.config.conditional.OnEnabledPredicate [traceId=, spanId=] - Condition OnEnabledPredicate on org.springframework.cloud.gateway.config.GatewayAutoConfiguration#pathRoutePredicateFactory matched
2026-03-23 23:18:46 [main] TRACE org.springframework.cloud.gateway.config.conditional.OnEnabledPredicate [traceId=, spanId=] - Condition OnEnabledPredicate on org.springframework.cloud.gateway.config.GatewayAutoConfiguration#queryRoutePredicateFactory matched
2026-03-23 23:18:46 [main] TRACE org.springframework.cloud.gateway.config.conditional.OnEnabledPredicate [traceId=, spanId=] - Condition OnEnabledPredicate on org.springframework.cloud.gateway.config.GatewayAutoConfiguration#readBodyPredicateFactory matched
2026-03-23 23:18:46 [main] TRACE org.springframework.cloud.gateway.config.conditional.OnEnabledPredicate [traceId=, spanId=] - Condition OnEnabledPredicate on org.springframework.cloud.gateway.config.GatewayAutoConfiguration#remoteAddrRoutePredicateFactory matched
2026-03-23 23:18:46 [main] TRACE org.springframework.cloud.gateway.config.conditional.OnEnabledPredicate [traceId=, spanId=] - Condition OnEnabledPredicate on org.springframework.cloud.gateway.config.GatewayAutoConfiguration#xForwardedRemoteAddrRoutePredicateFactory matched
2026-03-23 23:18:46 [main] TRACE org.springframework.cloud.gateway.config.conditional.OnEnabledPredicate [traceId=, spanId=] - Condition OnEnabledPredicate on org.springframework.cloud.gateway.config.GatewayAutoConfiguration#weightRoutePredicateFactory matched
2026-03-23 23:18:46 [main] TRACE org.springframework.cloud.gateway.config.conditional.OnEnabledPredicate [traceId=, spanId=] - Condition OnEnabledPredicate on org.springframework.cloud.gateway.config.GatewayAutoConfiguration#cloudFoundryRouteServiceRoutePredicateFactory matched
2026-03-23 23:18:46 [main] TRACE org.springframework.cloud.gateway.config.conditional.OnEnabledFilter [traceId=, spanId=] - Condition OnEnabledFilter on org.springframework.cloud.gateway.config.GatewayAutoConfiguration#addRequestHeaderGatewayFilterFactory matched
2026-03-23 23:18:46 [main] TRACE org.springframework.cloud.gateway.config.conditional.OnEnabledFilter [traceId=, spanId=] - Condition OnEnabledFilter on org.springframework.cloud.gateway.config.GatewayAutoConfiguration#addRequestHeadersIfNotPresentGatewayFilterFactory matched
2026-03-23 23:18:46 [main] TRACE org.springframework.cloud.gateway.config.conditional.OnEnabledFilter [traceId=, spanId=] - Condition OnEnabledFilter on org.springframework.cloud.gateway.config.GatewayAutoConfiguration#mapRequestHeaderGatewayFilterFactory matched
2026-03-23 23:18:46 [main] TRACE org.springframework.cloud.gateway.config.conditional.OnEnabledFilter [traceId=, spanId=] - Condition OnEnabledFilter on org.springframework.cloud.gateway.config.GatewayAutoConfiguration#addRequestParameterGatewayFilterFactory matched
2026-03-23 23:18:46 [main] TRACE org.springframework.cloud.gateway.config.conditional.OnEnabledFilter [traceId=, spanId=] - Condition OnEnabledFilter on org.springframework.cloud.gateway.config.GatewayAutoConfiguration#addResponseHeaderGatewayFilterFactory matched
2026-03-23 23:18:46 [main] TRACE org.springframework.cloud.gateway.config.conditional.OnEnabledFilter [traceId=, spanId=] - Condition OnEnabledFilter on org.springframework.cloud.gateway.config.GatewayAutoConfiguration#modifyRequestBodyGatewayFilterFactory matched
2026-03-23 23:18:46 [main] TRACE org.springframework.cloud.gateway.config.conditional.OnEnabledFilter [traceId=, spanId=] - Condition OnEnabledFilter on org.springframework.cloud.gateway.config.GatewayAutoConfiguration#dedupeResponseHeaderGatewayFilterFactory matched
2026-03-23 23:18:46 [main] TRACE org.springframework.cloud.gateway.config.conditional.OnEnabledFilter [traceId=, spanId=] - Condition OnEnabledFilter on org.springframework.cloud.gateway.config.GatewayAutoConfiguration#modifyResponseBodyGatewayFilterFactory matched
2026-03-23 23:18:46 [main] TRACE org.springframework.cloud.gateway.config.conditional.OnEnabledFilter [traceId=, spanId=] - Condition OnEnabledFilter on org.springframework.cloud.gateway.config.GatewayAutoConfiguration#cacheRequestBodyGatewayFilterFactory matched
2026-03-23 23:18:46 [main] TRACE org.springframework.cloud.gateway.config.conditional.OnEnabledFilter [traceId=, spanId=] - Condition OnEnabledFilter on org.springframework.cloud.gateway.config.GatewayAutoConfiguration#prefixPathGatewayFilterFactory matched
2026-03-23 23:18:46 [main] TRACE org.springframework.cloud.gateway.config.conditional.OnEnabledFilter [traceId=, spanId=] - Condition OnEnabledFilter on org.springframework.cloud.gateway.config.GatewayAutoConfiguration#preserveHostHeaderGatewayFilterFactory matched
2026-03-23 23:18:46 [main] TRACE org.springframework.cloud.gateway.config.conditional.OnEnabledFilter [traceId=, spanId=] - Condition OnEnabledFilter on org.springframework.cloud.gateway.config.GatewayAutoConfiguration#redirectToGatewayFilterFactory matched
2026-03-23 23:18:46 [main] TRACE org.springframework.cloud.gateway.config.conditional.OnEnabledFilter [traceId=, spanId=] - Condition OnEnabledFilter on org.springframework.cloud.gateway.config.GatewayAutoConfiguration#removeJsonAttributesResponseBodyGatewayFilterFactory matched
2026-03-23 23:18:46 [main] TRACE org.springframework.cloud.gateway.config.conditional.OnEnabledFilter [traceId=, spanId=] - Condition OnEnabledFilter on org.springframework.cloud.gateway.config.GatewayAutoConfiguration#removeRequestHeaderGatewayFilterFactory matched
2026-03-23 23:18:46 [main] TRACE org.springframework.cloud.gateway.config.conditional.OnEnabledFilter [traceId=, spanId=] - Condition OnEnabledFilter on org.springframework.cloud.gateway.config.GatewayAutoConfiguration#removeRequestParameterGatewayFilterFactory matched
2026-03-23 23:18:46 [main] TRACE org.springframework.cloud.gateway.config.conditional.OnEnabledFilter [traceId=, spanId=] - Condition OnEnabledFilter on org.springframework.cloud.gateway.config.GatewayAutoConfiguration#removeResponseHeaderGatewayFilterFactory matched
2026-03-23 23:18:46 [main] TRACE org.springframework.cloud.gateway.config.conditional.OnEnabledFilter [traceId=, spanId=] - Condition OnEnabledFilter on org.springframework.cloud.gateway.config.GatewayAutoConfiguration#rewritePathGatewayFilterFactory matched
2026-03-23 23:18:46 [main] TRACE org.springframework.cloud.gateway.config.conditional.OnEnabledFilter [traceId=, spanId=] - Condition OnEnabledFilter on org.springframework.cloud.gateway.config.GatewayAutoConfiguration#retryGatewayFilterFactory matched
2026-03-23 23:18:46 [main] TRACE org.springframework.cloud.gateway.config.conditional.OnEnabledFilter [traceId=, spanId=] - Condition OnEnabledFilter on org.springframework.cloud.gateway.config.GatewayAutoConfiguration#setPathGatewayFilterFactory matched
2026-03-23 23:18:46 [main] TRACE org.springframework.cloud.gateway.config.conditional.OnEnabledFilter [traceId=, spanId=] - Condition OnEnabledFilter on org.springframework.cloud.gateway.config.GatewayAutoConfiguration#secureHeadersGatewayFilterFactory matched
2026-03-23 23:18:46 [main] TRACE org.springframework.cloud.gateway.config.conditional.OnEnabledFilter [traceId=, spanId=] - Condition OnEnabledFilter on org.springframework.cloud.gateway.config.GatewayAutoConfiguration#setRequestHeaderGatewayFilterFactory matched
2026-03-23 23:18:46 [main] TRACE org.springframework.cloud.gateway.config.conditional.OnEnabledFilter [traceId=, spanId=] - Condition OnEnabledFilter on org.springframework.cloud.gateway.config.GatewayAutoConfiguration#setRequestHostHeaderGatewayFilterFactory matched
2026-03-23 23:18:46 [main] TRACE org.springframework.cloud.gateway.config.conditional.OnEnabledFilter [traceId=, spanId=] - Condition OnEnabledFilter on org.springframework.cloud.gateway.config.GatewayAutoConfiguration#setResponseHeaderGatewayFilterFactory matched
2026-03-23 23:18:46 [main] TRACE org.springframework.cloud.gateway.config.conditional.OnEnabledFilter [traceId=, spanId=] - Condition OnEnabledFilter on org.springframework.cloud.gateway.config.GatewayAutoConfiguration#rewriteResponseHeaderGatewayFilterFactory matched
2026-03-23 23:18:46 [main] TRACE org.springframework.cloud.gateway.config.conditional.OnEnabledFilter [traceId=, spanId=] - Condition OnEnabledFilter on org.springframework.cloud.gateway.config.GatewayAutoConfiguration#rewriteLocationResponseHeaderGatewayFilterFactory matched
2026-03-23 23:18:46 [main] TRACE org.springframework.cloud.gateway.config.conditional.OnEnabledFilter [traceId=, spanId=] - Condition OnEnabledFilter on org.springframework.cloud.gateway.config.GatewayAutoConfiguration#setStatusGatewayFilterFactory matched
2026-03-23 23:18:46 [main] TRACE org.springframework.cloud.gateway.config.conditional.OnEnabledFilter [traceId=, spanId=] - Condition OnEnabledFilter on org.springframework.cloud.gateway.config.GatewayAutoConfiguration#saveSessionGatewayFilterFactory matched
2026-03-23 23:18:46 [main] TRACE org.springframework.cloud.gateway.config.conditional.OnEnabledFilter [traceId=, spanId=] - Condition OnEnabledFilter on org.springframework.cloud.gateway.config.GatewayAutoConfiguration#stripPrefixGatewayFilterFactory matched
2026-03-23 23:18:46 [main] TRACE org.springframework.cloud.gateway.config.conditional.OnEnabledFilter [traceId=, spanId=] - Condition OnEnabledFilter on org.springframework.cloud.gateway.config.GatewayAutoConfiguration#requestHeaderToRequestUriGatewayFilterFactory matched
2026-03-23 23:18:46 [main] TRACE org.springframework.cloud.gateway.config.conditional.OnEnabledFilter [traceId=, spanId=] - Condition OnEnabledFilter on org.springframework.cloud.gateway.config.GatewayAutoConfiguration#requestSizeGatewayFilterFactory matched
2026-03-23 23:18:46 [main] TRACE org.springframework.cloud.gateway.config.conditional.OnEnabledFilter [traceId=, spanId=] - Condition OnEnabledFilter on org.springframework.cloud.gateway.config.GatewayAutoConfiguration#requestHeaderSizeGatewayFilterFactory matched
2026-03-23 23:18:46 [main] TRACE org.springframework.cloud.gateway.config.conditional.OnEnabledFilter [traceId=, spanId=] - Condition OnEnabledFilter on org.springframework.cloud.gateway.config.GatewayAutoConfiguration#rewriteRequestParameterGatewayFilterFactory matched
2026-03-23 23:18:46 [main] INFO  org.springframework.cloud.context.scope.GenericScope [traceId=, spanId=] - BeanFactory id=1b38ea5a-b9d0-3273-ba80-233ed73e1cfc
2026-03-23 23:18:46 [main] INFO  org.springframework.cloud.gateway.route.RouteDefinitionRouteLocator [traceId=, spanId=] - Loaded RoutePredicateFactory [After]
2026-03-23 23:18:46 [main] INFO  org.springframework.cloud.gateway.route.RouteDefinitionRouteLocator [traceId=, spanId=] - Loaded RoutePredicateFactory [Before]
2026-03-23 23:18:46 [main] INFO  org.springframework.cloud.gateway.route.RouteDefinitionRouteLocator [traceId=, spanId=] - Loaded RoutePredicateFactory [Between]
2026-03-23 23:18:46 [main] INFO  org.springframework.cloud.gateway.route.RouteDefinitionRouteLocator [traceId=, spanId=] - Loaded RoutePredicateFactory [Cookie]
2026-03-23 23:18:46 [main] INFO  org.springframework.cloud.gateway.route.RouteDefinitionRouteLocator [traceId=, spanId=] - Loaded RoutePredicateFactory [Header]
2026-03-23 23:18:46 [main] INFO  org.springframework.cloud.gateway.route.RouteDefinitionRouteLocator [traceId=, spanId=] - Loaded RoutePredicateFactory [Host]
2026-03-23 23:18:46 [main] INFO  org.springframework.cloud.gateway.route.RouteDefinitionRouteLocator [traceId=, spanId=] - Loaded RoutePredicateFactory [Method]
2026-03-23 23:18:46 [main] INFO  org.springframework.cloud.gateway.route.RouteDefinitionRouteLocator [traceId=, spanId=] - Loaded RoutePredicateFactory [Path]
2026-03-23 23:18:46 [main] INFO  org.springframework.cloud.gateway.route.RouteDefinitionRouteLocator [traceId=, spanId=] - Loaded RoutePredicateFactory [Query]
2026-03-23 23:18:46 [main] INFO  org.springframework.cloud.gateway.route.RouteDefinitionRouteLocator [traceId=, spanId=] - Loaded RoutePredicateFactory [ReadBody]
2026-03-23 23:18:46 [main] INFO  org.springframework.cloud.gateway.route.RouteDefinitionRouteLocator [traceId=, spanId=] - Loaded RoutePredicateFactory [RemoteAddr]
2026-03-23 23:18:46 [main] INFO  org.springframework.cloud.gateway.route.RouteDefinitionRouteLocator [traceId=, spanId=] - Loaded RoutePredicateFactory [XForwardedRemoteAddr]
2026-03-23 23:18:46 [main] INFO  org.springframework.cloud.gateway.route.RouteDefinitionRouteLocator [traceId=, spanId=] - Loaded RoutePredicateFactory [Weight]
2026-03-23 23:18:46 [main] INFO  org.springframework.cloud.gateway.route.RouteDefinitionRouteLocator [traceId=, spanId=] - Loaded RoutePredicateFactory [CloudFoundryRouteService]
2026-03-23 23:18:46 [main] DEBUG org.springframework.web.reactive.handler.SimpleUrlHandlerMapping [traceId=, spanId=] - Patterns [/webjars/**, /**] in 'resourceHandlerMapping'
2026-03-23 23:18:46 [main] INFO  org.springframework.boot.actuate.endpoint.web.EndpointLinksResolver [traceId=, spanId=] - Exposing 1 endpoint beneath base path '/actuator'
2026-03-23 23:18:46 [main] DEBUG org.springframework.web.reactive.result.method.annotation.ControllerMethodResolver [traceId=, spanId=] - ControllerAdvice beans: none
2026-03-23 23:18:47 [main] INFO  org.springframework.boot.web.embedded.netty.NettyWebServer [traceId=, spanId=] - Netty started on port 8080 (http)
2026-03-23 23:18:47 [main] DEBUG org.springframework.cloud.gateway.filter.GatewayMetricsFilter [traceId=, spanId=] - New routes count: 0
2026-03-23 23:18:47 [main] INFO  com.lbb.apigateway.ApigatewayApplication [traceId=, spanId=] - Started ApigatewayApplication in 1.324 seconds (process running for 1.766)
2026-03-23 23:23:25 [SpringApplicationShutdownHook] INFO  org.springframework.boot.web.embedded.netty.GracefulShutdown [traceId=, spanId=] - Commencing graceful shutdown. Waiting for active requests to complete
2026-03-23 23:23:25 [netty-shutdown] INFO  org.springframework.boot.web.embedded.netty.GracefulShutdown [traceId=, spanId=] - Graceful shutdown complete
