2026-03-02 00:19:28 [reactor-http-nio-2] TRACE org.springframework.cloud.gateway.filter.WeightCalculatorWebFilter [traceId=, spanId=] - Weights attr: {}
2026-03-02 00:19:28 [reactor-http-nio-2] TRACE org.springframework.cloud.gateway.handler.predicate.PathRoutePredicateFactory [traceId=, spanId=] - Pattern "[/api/customers/**]" does not match against value "/api/corebanking/termAccountInquery"
2026-03-02 00:19:28 [reactor-http-nio-2] TRACE org.springframework.cloud.gateway.handler.predicate.PathRoutePredicateFactory [traceId=, spanId=] - Pattern "/api/corebanking/**" matches against value "/api/corebanking/termAccountInquery"
2026-03-02 00:19:28 [reactor-http-nio-2] DEBUG org.springframework.cloud.gateway.handler.RoutePredicateHandlerMapping [traceId=, spanId=] - Route matched: core_banking_route
2026-03-02 00:19:28 [reactor-http-nio-2] DEBUG org.springframework.cloud.gateway.handler.RoutePredicateHandlerMapping [traceId=, spanId=] - Mapping [Exchange: POST http://localhost:8080/api/corebanking/termAccountInquery] to Route{id='core_banking_route', uri=http://localhost:8082, order=0, predicate=Paths: [/api/corebanking/**], match trailing slash: true, gatewayFilters=[[[ModifyRequestBody Content type = [null], In class = ParameterizedTypeReference<class java.lang.String>, Out class = ParameterizedTypeReference<class java.lang.String>], order = 0], [ModifyResponseBody New content type = [null], In class = String, Out class = String]], metadata={}}
2026-03-02 00:19:28 [reactor-http-nio-2] DEBUG org.springframework.cloud.gateway.handler.RoutePredicateHandlerMapping [traceId=, spanId=] - [5db8c5b0-57] Mapped to org.springframework.cloud.gateway.handler.FilteringWebHandler@29962b2f
2026-03-02 00:19:28 [reactor-http-nio-2] DEBUG org.springframework.cloud.gateway.handler.FilteringWebHandler [traceId=, spanId=] - Sorted gatewayFilterFactories: [[GatewayFilterAdapter{delegate=org.springframework.cloud.gateway.filter.RemoveCachedBodyFilter@3a0aaaf0}, order = -2147483648], [GatewayFilterAdapter{delegate=org.springframework.cloud.gateway.filter.AdaptCachedBodyGlobalFilter@32507479}, order = -2147482648], [ModifyResponseBody New content type = [null], In class = String, Out class = String], [GatewayFilterAdapter{delegate=org.springframework.cloud.gateway.filter.NettyWriteResponseFilter@784d9bc}, order = -1], [GatewayFilterAdapter{delegate=org.springframework.cloud.gateway.filter.ForwardPathFilter@7c7e73c5}, order = 0], [[ModifyRequestBody Content type = [null], In class = ParameterizedTypeReference<class java.lang.String>, Out class = ParameterizedTypeReference<class java.lang.String>], order = 0], [GatewayFilterAdapter{delegate=org.springframework.cloud.gateway.filter.RouteToRequestUrlFilter@426131d7}, order = 10000], [GatewayFilterAdapter{delegate=org.springframework.cloud.gateway.config.GatewayNoLoadBalancerClientAutoConfiguration$NoLoadBalancerClientFilter@58687fb7}, order = 10150], [GatewayFilterAdapter{delegate=org.springframework.cloud.gateway.filter.WebsocketRoutingFilter@13cc0b90}, order = 2147483646], [GatewayFilterAdapter{delegate=org.springframework.cloud.gateway.filter.NettyRoutingFilter@15214920}, order = 2147483647], [GatewayFilterAdapter{delegate=org.springframework.cloud.gateway.filter.ForwardRoutingFilter@5d9618f2}, order = 2147483647]]
2026-03-02 00:19:28 [reactor-http-nio-2] INFO  com.lbb.apigateway.filter.MyLogRewriteFunction [traceId=, spanId=] - --- Request Body Log ---
2026-03-02 00:19:28 [reactor-http-nio-2] INFO  com.lbb.apigateway.filter.MyLogRewriteFunction [traceId=, spanId=] - Path: /api/corebanking/termAccountInquery, Payload: {
    "account":"1200182110002250"
}
2026-03-02 00:19:28 [reactor-http-nio-2] TRACE org.springframework.cloud.gateway.filter.RouteToRequestUrlFilter [traceId=, spanId=] - RouteToRequestUrlFilter start
2026-03-02 00:19:28 [reactor-http-nio-2] TRACE org.springframework.cloud.gateway.filter.NettyRoutingFilter [traceId=, spanId=] - outbound route: cf7bb940, inbound: [5db8c5b0-57] 
2026-03-02 00:19:28 [reactor-http-nio-2] TRACE org.springframework.cloud.gateway.filter.NettyWriteResponseFilter [traceId=, spanId=] - NettyWriteResponseFilter start inbound: cf7bb940, outbound: [5db8c5b0-57] 
2026-03-02 00:19:28 [reactor-http-nio-2] INFO  com.lbb.apigateway.filter.MyLogResponseRewriteFunction [traceId=, spanId=] - --- Response Body Log ---
2026-03-02 00:19:28 [reactor-http-nio-2] INFO  com.lbb.apigateway.filter.MyLogResponseRewriteFunction [traceId=, spanId=] - Path: /api/corebanking/termAccountInquery, Payload: {"timestamp":"2026-03-01T17:19:28.261+00:00","status":404,"error":"Not Found","path":"/api/corebanking/termAccountInquery"}
2026-03-02 00:19:42 [reactor-http-nio-2] TRACE org.springframework.cloud.gateway.filter.WeightCalculatorWebFilter [traceId=, spanId=] - Weights attr: {}
2026-03-02 00:19:42 [reactor-http-nio-2] TRACE org.springframework.cloud.gateway.handler.predicate.PathRoutePredicateFactory [traceId=, spanId=] - Pattern "[/api/customers/**]" does not match against value "/api/corebanking/termAccountInquery"
2026-03-02 00:19:42 [reactor-http-nio-2] TRACE org.springframework.cloud.gateway.handler.predicate.PathRoutePredicateFactory [traceId=, spanId=] - Pattern "/api/corebanking/**" matches against value "/api/corebanking/termAccountInquery"
2026-03-02 00:19:42 [reactor-http-nio-2] DEBUG org.springframework.cloud.gateway.handler.RoutePredicateHandlerMapping [traceId=, spanId=] - Route matched: core_banking_route
2026-03-02 00:19:42 [reactor-http-nio-2] DEBUG org.springframework.cloud.gateway.handler.RoutePredicateHandlerMapping [traceId=, spanId=] - Mapping [Exchange: POST http://localhost:8080/api/corebanking/termAccountInquery] to Route{id='core_banking_route', uri=http://localhost:8082, order=0, predicate=Paths: [/api/corebanking/**], match trailing slash: true, gatewayFilters=[[[ModifyRequestBody Content type = [null], In class = ParameterizedTypeReference<class java.lang.String>, Out class = ParameterizedTypeReference<class java.lang.String>], order = 0], [ModifyResponseBody New content type = [null], In class = String, Out class = String]], metadata={}}
2026-03-02 00:19:42 [reactor-http-nio-2] DEBUG org.springframework.cloud.gateway.handler.RoutePredicateHandlerMapping [traceId=, spanId=] - [5db8c5b0-58] Mapped to org.springframework.cloud.gateway.handler.FilteringWebHandler@29962b2f
2026-03-02 00:19:42 [reactor-http-nio-2] DEBUG org.springframework.cloud.gateway.handler.FilteringWebHandler [traceId=, spanId=] - Sorted gatewayFilterFactories: [[GatewayFilterAdapter{delegate=org.springframework.cloud.gateway.filter.RemoveCachedBodyFilter@3a0aaaf0}, order = -2147483648], [GatewayFilterAdapter{delegate=org.springframework.cloud.gateway.filter.AdaptCachedBodyGlobalFilter@32507479}, order = -2147482648], [ModifyResponseBody New content type = [null], In class = String, Out class = String], [GatewayFilterAdapter{delegate=org.springframework.cloud.gateway.filter.NettyWriteResponseFilter@784d9bc}, order = -1], [GatewayFilterAdapter{delegate=org.springframework.cloud.gateway.filter.ForwardPathFilter@7c7e73c5}, order = 0], [[ModifyRequestBody Content type = [null], In class = ParameterizedTypeReference<class java.lang.String>, Out class = ParameterizedTypeReference<class java.lang.String>], order = 0], [GatewayFilterAdapter{delegate=org.springframework.cloud.gateway.filter.RouteToRequestUrlFilter@426131d7}, order = 10000], [GatewayFilterAdapter{delegate=org.springframework.cloud.gateway.config.GatewayNoLoadBalancerClientAutoConfiguration$NoLoadBalancerClientFilter@58687fb7}, order = 10150], [GatewayFilterAdapter{delegate=org.springframework.cloud.gateway.filter.WebsocketRoutingFilter@13cc0b90}, order = 2147483646], [GatewayFilterAdapter{delegate=org.springframework.cloud.gateway.filter.NettyRoutingFilter@15214920}, order = 2147483647], [GatewayFilterAdapter{delegate=org.springframework.cloud.gateway.filter.ForwardRoutingFilter@5d9618f2}, order = 2147483647]]
2026-03-02 00:19:42 [reactor-http-nio-2] INFO  com.lbb.apigateway.filter.MyLogRewriteFunction [traceId=, spanId=] - --- Request Body Log ---
2026-03-02 00:19:42 [reactor-http-nio-2] INFO  com.lbb.apigateway.filter.MyLogRewriteFunction [traceId=, spanId=] - Path: /api/corebanking/termAccountInquery, Payload: {
    "account":"1200182110002250"
}
2026-03-02 00:19:42 [reactor-http-nio-2] TRACE org.springframework.cloud.gateway.filter.RouteToRequestUrlFilter [traceId=, spanId=] - RouteToRequestUrlFilter start
2026-03-02 00:19:42 [reactor-http-nio-2] TRACE org.springframework.cloud.gateway.filter.NettyRoutingFilter [traceId=, spanId=] - outbound route: 3005c62a, inbound: [5db8c5b0-58] 
2026-03-02 00:19:42 [reactor-http-nio-2] TRACE org.springframework.cloud.gateway.filter.NettyWriteResponseFilter [traceId=, spanId=] - NettyWriteResponseFilter start inbound: 3005c62a, outbound: [5db8c5b0-58] 
2026-03-02 00:19:42 [reactor-http-nio-2] INFO  com.lbb.apigateway.filter.MyLogResponseRewriteFunction [traceId=, spanId=] - --- Response Body Log ---
2026-03-02 00:19:42 [reactor-http-nio-2] INFO  com.lbb.apigateway.filter.MyLogResponseRewriteFunction [traceId=, spanId=] - Path: /api/corebanking/termAccountInquery, Payload: {"timestamp":"2026-03-01T17:19:42.356+00:00","status":500,"error":"Internal Server Error","path":"/api/corebanking/termAccountInquery"}
2026-03-02 00:19:43 [reactor-http-nio-2] TRACE org.springframework.cloud.gateway.filter.WeightCalculatorWebFilter [traceId=, spanId=] - Weights attr: {}
2026-03-02 00:19:43 [reactor-http-nio-2] TRACE org.springframework.cloud.gateway.handler.predicate.PathRoutePredicateFactory [traceId=, spanId=] - Pattern "[/api/customers/**]" does not match against value "/api/corebanking/termAccountInquery"
2026-03-02 00:19:43 [reactor-http-nio-2] TRACE org.springframework.cloud.gateway.handler.predicate.PathRoutePredicateFactory [traceId=, spanId=] - Pattern "/api/corebanking/**" matches against value "/api/corebanking/termAccountInquery"
2026-03-02 00:19:43 [reactor-http-nio-2] DEBUG org.springframework.cloud.gateway.handler.RoutePredicateHandlerMapping [traceId=, spanId=] - Route matched: core_banking_route
2026-03-02 00:19:43 [reactor-http-nio-2] DEBUG org.springframework.cloud.gateway.handler.RoutePredicateHandlerMapping [traceId=, spanId=] - Mapping [Exchange: POST http://localhost:8080/api/corebanking/termAccountInquery] to Route{id='core_banking_route', uri=http://localhost:8082, order=0, predicate=Paths: [/api/corebanking/**], match trailing slash: true, gatewayFilters=[[[ModifyRequestBody Content type = [null], In class = ParameterizedTypeReference<class java.lang.String>, Out class = ParameterizedTypeReference<class java.lang.String>], order = 0], [ModifyResponseBody New content type = [null], In class = String, Out class = String]], metadata={}}
2026-03-02 00:19:43 [reactor-http-nio-2] DEBUG org.springframework.cloud.gateway.handler.RoutePredicateHandlerMapping [traceId=, spanId=] - [5db8c5b0-59] Mapped to org.springframework.cloud.gateway.handler.FilteringWebHandler@29962b2f
2026-03-02 00:19:43 [reactor-http-nio-2] DEBUG org.springframework.cloud.gateway.handler.FilteringWebHandler [traceId=, spanId=] - Sorted gatewayFilterFactories: [[GatewayFilterAdapter{delegate=org.springframework.cloud.gateway.filter.RemoveCachedBodyFilter@3a0aaaf0}, order = -2147483648], [GatewayFilterAdapter{delegate=org.springframework.cloud.gateway.filter.AdaptCachedBodyGlobalFilter@32507479}, order = -2147482648], [ModifyResponseBody New content type = [null], In class = String, Out class = String], [GatewayFilterAdapter{delegate=org.springframework.cloud.gateway.filter.NettyWriteResponseFilter@784d9bc}, order = -1], [GatewayFilterAdapter{delegate=org.springframework.cloud.gateway.filter.ForwardPathFilter@7c7e73c5}, order = 0], [[ModifyRequestBody Content type = [null], In class = ParameterizedTypeReference<class java.lang.String>, Out class = ParameterizedTypeReference<class java.lang.String>], order = 0], [GatewayFilterAdapter{delegate=org.springframework.cloud.gateway.filter.RouteToRequestUrlFilter@426131d7}, order = 10000], [GatewayFilterAdapter{delegate=org.springframework.cloud.gateway.config.GatewayNoLoadBalancerClientAutoConfiguration$NoLoadBalancerClientFilter@58687fb7}, order = 10150], [GatewayFilterAdapter{delegate=org.springframework.cloud.gateway.filter.WebsocketRoutingFilter@13cc0b90}, order = 2147483646], [GatewayFilterAdapter{delegate=org.springframework.cloud.gateway.filter.NettyRoutingFilter@15214920}, order = 2147483647], [GatewayFilterAdapter{delegate=org.springframework.cloud.gateway.filter.ForwardRoutingFilter@5d9618f2}, order = 2147483647]]
2026-03-02 00:19:43 [reactor-http-nio-2] INFO  com.lbb.apigateway.filter.MyLogRewriteFunction [traceId=, spanId=] - --- Request Body Log ---
2026-03-02 00:19:43 [reactor-http-nio-2] INFO  com.lbb.apigateway.filter.MyLogRewriteFunction [traceId=, spanId=] - Path: /api/corebanking/termAccountInquery, Payload: {
    "account":"1200182110002250"
}
2026-03-02 00:19:43 [reactor-http-nio-2] TRACE org.springframework.cloud.gateway.filter.RouteToRequestUrlFilter [traceId=, spanId=] - RouteToRequestUrlFilter start
2026-03-02 00:19:43 [reactor-http-nio-2] TRACE org.springframework.cloud.gateway.filter.NettyRoutingFilter [traceId=, spanId=] - outbound route: 6b9466e6, inbound: [5db8c5b0-59] 
2026-03-02 00:19:43 [reactor-http-nio-2] TRACE org.springframework.cloud.gateway.filter.NettyWriteResponseFilter [traceId=, spanId=] - NettyWriteResponseFilter start inbound: 6b9466e6, outbound: [5db8c5b0-59] 
2026-03-02 00:19:43 [reactor-http-nio-2] INFO  com.lbb.apigateway.filter.MyLogResponseRewriteFunction [traceId=, spanId=] - --- Response Body Log ---
2026-03-02 00:19:43 [reactor-http-nio-2] INFO  com.lbb.apigateway.filter.MyLogResponseRewriteFunction [traceId=, spanId=] - Path: /api/corebanking/termAccountInquery, Payload: {"timestamp":"2026-03-01T17:19:43.560+00:00","status":500,"error":"Internal Server Error","path":"/api/corebanking/termAccountInquery"}
2026-03-02 00:19:47 [reactor-http-nio-2] TRACE org.springframework.cloud.gateway.filter.WeightCalculatorWebFilter [traceId=, spanId=] - Weights attr: {}
2026-03-02 00:19:47 [reactor-http-nio-2] TRACE org.springframework.cloud.gateway.handler.predicate.PathRoutePredicateFactory [traceId=, spanId=] - Pattern "[/api/customers/**]" does not match against value "/api/corebanking/termAccountInquery"
2026-03-02 00:19:47 [reactor-http-nio-2] TRACE org.springframework.cloud.gateway.handler.predicate.PathRoutePredicateFactory [traceId=, spanId=] - Pattern "/api/corebanking/**" matches against value "/api/corebanking/termAccountInquery"
2026-03-02 00:19:47 [reactor-http-nio-2] DEBUG org.springframework.cloud.gateway.handler.RoutePredicateHandlerMapping [traceId=, spanId=] - Route matched: core_banking_route
2026-03-02 00:19:47 [reactor-http-nio-2] DEBUG org.springframework.cloud.gateway.handler.RoutePredicateHandlerMapping [traceId=, spanId=] - Mapping [Exchange: POST http://localhost:8080/api/corebanking/termAccountInquery] to Route{id='core_banking_route', uri=http://localhost:8082, order=0, predicate=Paths: [/api/corebanking/**], match trailing slash: true, gatewayFilters=[[[ModifyRequestBody Content type = [null], In class = ParameterizedTypeReference<class java.lang.String>, Out class = ParameterizedTypeReference<class java.lang.String>], order = 0], [ModifyResponseBody New content type = [null], In class = String, Out class = String]], metadata={}}
2026-03-02 00:19:47 [reactor-http-nio-2] DEBUG org.springframework.cloud.gateway.handler.RoutePredicateHandlerMapping [traceId=, spanId=] - [5db8c5b0-60] Mapped to org.springframework.cloud.gateway.handler.FilteringWebHandler@29962b2f
2026-03-02 00:19:47 [reactor-http-nio-2] DEBUG org.springframework.cloud.gateway.handler.FilteringWebHandler [traceId=, spanId=] - Sorted gatewayFilterFactories: [[GatewayFilterAdapter{delegate=org.springframework.cloud.gateway.filter.RemoveCachedBodyFilter@3a0aaaf0}, order = -2147483648], [GatewayFilterAdapter{delegate=org.springframework.cloud.gateway.filter.AdaptCachedBodyGlobalFilter@32507479}, order = -2147482648], [ModifyResponseBody New content type = [null], In class = String, Out class = String], [GatewayFilterAdapter{delegate=org.springframework.cloud.gateway.filter.NettyWriteResponseFilter@784d9bc}, order = -1], [GatewayFilterAdapter{delegate=org.springframework.cloud.gateway.filter.ForwardPathFilter@7c7e73c5}, order = 0], [[ModifyRequestBody Content type = [null], In class = ParameterizedTypeReference<class java.lang.String>, Out class = ParameterizedTypeReference<class java.lang.String>], order = 0], [GatewayFilterAdapter{delegate=org.springframework.cloud.gateway.filter.RouteToRequestUrlFilter@426131d7}, order = 10000], [GatewayFilterAdapter{delegate=org.springframework.cloud.gateway.config.GatewayNoLoadBalancerClientAutoConfiguration$NoLoadBalancerClientFilter@58687fb7}, order = 10150], [GatewayFilterAdapter{delegate=org.springframework.cloud.gateway.filter.WebsocketRoutingFilter@13cc0b90}, order = 2147483646], [GatewayFilterAdapter{delegate=org.springframework.cloud.gateway.filter.NettyRoutingFilter@15214920}, order = 2147483647], [GatewayFilterAdapter{delegate=org.springframework.cloud.gateway.filter.ForwardRoutingFilter@5d9618f2}, order = 2147483647]]
2026-03-02 00:19:47 [reactor-http-nio-2] INFO  com.lbb.apigateway.filter.MyLogRewriteFunction [traceId=, spanId=] - --- Request Body Log ---
2026-03-02 00:19:47 [reactor-http-nio-2] INFO  com.lbb.apigateway.filter.MyLogRewriteFunction [traceId=, spanId=] - Path: /api/corebanking/termAccountInquery, Payload: {
    "account":"1200182110002250"
}
2026-03-02 00:19:47 [reactor-http-nio-2] TRACE org.springframework.cloud.gateway.filter.RouteToRequestUrlFilter [traceId=, spanId=] - RouteToRequestUrlFilter start
2026-03-02 00:19:47 [reactor-http-nio-2] TRACE org.springframework.cloud.gateway.filter.NettyRoutingFilter [traceId=, spanId=] - outbound route: ff85f307, inbound: [5db8c5b0-60] 
2026-03-02 00:19:47 [reactor-http-nio-2] TRACE org.springframework.cloud.gateway.filter.NettyWriteResponseFilter [traceId=, spanId=] - NettyWriteResponseFilter start inbound: ff85f307, outbound: [5db8c5b0-60] 
2026-03-02 00:19:47 [reactor-http-nio-2] INFO  com.lbb.apigateway.filter.MyLogResponseRewriteFunction [traceId=, spanId=] - --- Response Body Log ---
2026-03-02 00:19:47 [reactor-http-nio-2] INFO  com.lbb.apigateway.filter.MyLogResponseRewriteFunction [traceId=, spanId=] - Path: /api/corebanking/termAccountInquery, Payload: {"timestamp":"2026-03-01T17:19:47.370+00:00","status":500,"error":"Internal Server Error","path":"/api/corebanking/termAccountInquery"}
2026-03-02 00:20:06 [reactor-http-nio-2] TRACE org.springframework.cloud.gateway.filter.WeightCalculatorWebFilter [traceId=, spanId=] - Weights attr: {}
2026-03-02 00:20:06 [reactor-http-nio-2] TRACE org.springframework.cloud.gateway.handler.predicate.PathRoutePredicateFactory [traceId=, spanId=] - Pattern "[/api/customers/**]" does not match against value "/api/corebanking/termAccountInquery"
2026-03-02 00:20:06 [reactor-http-nio-2] TRACE org.springframework.cloud.gateway.handler.predicate.PathRoutePredicateFactory [traceId=, spanId=] - Pattern "/api/corebanking/**" matches against value "/api/corebanking/termAccountInquery"
2026-03-02 00:20:06 [reactor-http-nio-2] DEBUG org.springframework.cloud.gateway.handler.RoutePredicateHandlerMapping [traceId=, spanId=] - Route matched: core_banking_route
2026-03-02 00:20:06 [reactor-http-nio-2] DEBUG org.springframework.cloud.gateway.handler.RoutePredicateHandlerMapping [traceId=, spanId=] - Mapping [Exchange: POST http://localhost:8080/api/corebanking/termAccountInquery] to Route{id='core_banking_route', uri=http://localhost:8082, order=0, predicate=Paths: [/api/corebanking/**], match trailing slash: true, gatewayFilters=[[[ModifyRequestBody Content type = [null], In class = ParameterizedTypeReference<class java.lang.String>, Out class = ParameterizedTypeReference<class java.lang.String>], order = 0], [ModifyResponseBody New content type = [null], In class = String, Out class = String]], metadata={}}
2026-03-02 00:20:06 [reactor-http-nio-2] DEBUG org.springframework.cloud.gateway.handler.RoutePredicateHandlerMapping [traceId=, spanId=] - [5db8c5b0-61] Mapped to org.springframework.cloud.gateway.handler.FilteringWebHandler@29962b2f
2026-03-02 00:20:06 [reactor-http-nio-2] DEBUG org.springframework.cloud.gateway.handler.FilteringWebHandler [traceId=, spanId=] - Sorted gatewayFilterFactories: [[GatewayFilterAdapter{delegate=org.springframework.cloud.gateway.filter.RemoveCachedBodyFilter@3a0aaaf0}, order = -2147483648], [GatewayFilterAdapter{delegate=org.springframework.cloud.gateway.filter.AdaptCachedBodyGlobalFilter@32507479}, order = -2147482648], [ModifyResponseBody New content type = [null], In class = String, Out class = String], [GatewayFilterAdapter{delegate=org.springframework.cloud.gateway.filter.NettyWriteResponseFilter@784d9bc}, order = -1], [GatewayFilterAdapter{delegate=org.springframework.cloud.gateway.filter.ForwardPathFilter@7c7e73c5}, order = 0], [[ModifyRequestBody Content type = [null], In class = ParameterizedTypeReference<class java.lang.String>, Out class = ParameterizedTypeReference<class java.lang.String>], order = 0], [GatewayFilterAdapter{delegate=org.springframework.cloud.gateway.filter.RouteToRequestUrlFilter@426131d7}, order = 10000], [GatewayFilterAdapter{delegate=org.springframework.cloud.gateway.config.GatewayNoLoadBalancerClientAutoConfiguration$NoLoadBalancerClientFilter@58687fb7}, order = 10150], [GatewayFilterAdapter{delegate=org.springframework.cloud.gateway.filter.WebsocketRoutingFilter@13cc0b90}, order = 2147483646], [GatewayFilterAdapter{delegate=org.springframework.cloud.gateway.filter.NettyRoutingFilter@15214920}, order = 2147483647], [GatewayFilterAdapter{delegate=org.springframework.cloud.gateway.filter.ForwardRoutingFilter@5d9618f2}, order = 2147483647]]
2026-03-02 00:20:06 [reactor-http-nio-2] INFO  com.lbb.apigateway.filter.MyLogRewriteFunction [traceId=, spanId=] - --- Request Body Log ---
2026-03-02 00:20:06 [reactor-http-nio-2] INFO  com.lbb.apigateway.filter.MyLogRewriteFunction [traceId=, spanId=] - Path: /api/corebanking/termAccountInquery, Payload: {
    "account":"1200182110002250"
}
2026-03-02 00:20:06 [reactor-http-nio-2] TRACE org.springframework.cloud.gateway.filter.RouteToRequestUrlFilter [traceId=, spanId=] - RouteToRequestUrlFilter start
2026-03-02 00:20:06 [reactor-http-nio-2] TRACE org.springframework.cloud.gateway.filter.NettyRoutingFilter [traceId=, spanId=] - outbound route: 487d39e5, inbound: [5db8c5b0-61] 
2026-03-02 00:20:06 [reactor-http-nio-2] TRACE org.springframework.cloud.gateway.filter.NettyWriteResponseFilter [traceId=, spanId=] - NettyWriteResponseFilter start inbound: 487d39e5, outbound: [5db8c5b0-61] 
2026-03-02 00:20:06 [reactor-http-nio-2] INFO  com.lbb.apigateway.filter.MyLogResponseRewriteFunction [traceId=, spanId=] - --- Response Body Log ---
2026-03-02 00:20:06 [reactor-http-nio-2] INFO  com.lbb.apigateway.filter.MyLogResponseRewriteFunction [traceId=, spanId=] - Path: /api/corebanking/termAccountInquery, Payload: {"timestamp":"2026-03-01T17:20:06.217+00:00","status":500,"error":"Internal Server Error","path":"/api/corebanking/termAccountInquery"}
2026-03-02 00:20:40 [reactor-http-nio-2] TRACE org.springframework.cloud.gateway.filter.WeightCalculatorWebFilter [traceId=, spanId=] - Weights attr: {}
2026-03-02 00:20:40 [reactor-http-nio-2] TRACE org.springframework.cloud.gateway.handler.predicate.PathRoutePredicateFactory [traceId=, spanId=] - Pattern "[/api/customers/**]" does not match against value "/api/corebanking/termAccountInquery"
2026-03-02 00:20:40 [reactor-http-nio-2] TRACE org.springframework.cloud.gateway.handler.predicate.PathRoutePredicateFactory [traceId=, spanId=] - Pattern "/api/corebanking/**" matches against value "/api/corebanking/termAccountInquery"
2026-03-02 00:20:40 [reactor-http-nio-2] DEBUG org.springframework.cloud.gateway.handler.RoutePredicateHandlerMapping [traceId=, spanId=] - Route matched: core_banking_route
2026-03-02 00:20:40 [reactor-http-nio-2] DEBUG org.springframework.cloud.gateway.handler.RoutePredicateHandlerMapping [traceId=, spanId=] - Mapping [Exchange: POST http://localhost:8080/api/corebanking/termAccountInquery] to Route{id='core_banking_route', uri=http://localhost:8082, order=0, predicate=Paths: [/api/corebanking/**], match trailing slash: true, gatewayFilters=[[[ModifyRequestBody Content type = [null], In class = ParameterizedTypeReference<class java.lang.String>, Out class = ParameterizedTypeReference<class java.lang.String>], order = 0], [ModifyResponseBody New content type = [null], In class = String, Out class = String]], metadata={}}
2026-03-02 00:20:40 [reactor-http-nio-2] DEBUG org.springframework.cloud.gateway.handler.RoutePredicateHandlerMapping [traceId=, spanId=] - [5db8c5b0-62] Mapped to org.springframework.cloud.gateway.handler.FilteringWebHandler@29962b2f
2026-03-02 00:20:40 [reactor-http-nio-2] DEBUG org.springframework.cloud.gateway.handler.FilteringWebHandler [traceId=, spanId=] - Sorted gatewayFilterFactories: [[GatewayFilterAdapter{delegate=org.springframework.cloud.gateway.filter.RemoveCachedBodyFilter@3a0aaaf0}, order = -2147483648], [GatewayFilterAdapter{delegate=org.springframework.cloud.gateway.filter.AdaptCachedBodyGlobalFilter@32507479}, order = -2147482648], [ModifyResponseBody New content type = [null], In class = String, Out class = String], [GatewayFilterAdapter{delegate=org.springframework.cloud.gateway.filter.NettyWriteResponseFilter@784d9bc}, order = -1], [GatewayFilterAdapter{delegate=org.springframework.cloud.gateway.filter.ForwardPathFilter@7c7e73c5}, order = 0], [[ModifyRequestBody Content type = [null], In class = ParameterizedTypeReference<class java.lang.String>, Out class = ParameterizedTypeReference<class java.lang.String>], order = 0], [GatewayFilterAdapter{delegate=org.springframework.cloud.gateway.filter.RouteToRequestUrlFilter@426131d7}, order = 10000], [GatewayFilterAdapter{delegate=org.springframework.cloud.gateway.config.GatewayNoLoadBalancerClientAutoConfiguration$NoLoadBalancerClientFilter@58687fb7}, order = 10150], [GatewayFilterAdapter{delegate=org.springframework.cloud.gateway.filter.WebsocketRoutingFilter@13cc0b90}, order = 2147483646], [GatewayFilterAdapter{delegate=org.springframework.cloud.gateway.filter.NettyRoutingFilter@15214920}, order = 2147483647], [GatewayFilterAdapter{delegate=org.springframework.cloud.gateway.filter.ForwardRoutingFilter@5d9618f2}, order = 2147483647]]
2026-03-02 00:20:40 [reactor-http-nio-2] INFO  com.lbb.apigateway.filter.MyLogRewriteFunction [traceId=, spanId=] - --- Request Body Log ---
2026-03-02 00:20:40 [reactor-http-nio-2] INFO  com.lbb.apigateway.filter.MyLogRewriteFunction [traceId=, spanId=] - Path: /api/corebanking/termAccountInquery, Payload: {
    "account":"1200182110002250"
}
2026-03-02 00:20:40 [reactor-http-nio-2] TRACE org.springframework.cloud.gateway.filter.RouteToRequestUrlFilter [traceId=, spanId=] - RouteToRequestUrlFilter start
2026-03-02 00:20:40 [reactor-http-nio-2] TRACE org.springframework.cloud.gateway.filter.NettyRoutingFilter [traceId=, spanId=] - outbound route: 5aaabe0f, inbound: [5db8c5b0-62] 
2026-03-02 00:20:40 [reactor-http-nio-2] TRACE org.springframework.cloud.gateway.filter.NettyWriteResponseFilter [traceId=, spanId=] - NettyWriteResponseFilter start inbound: 5aaabe0f, outbound: [5db8c5b0-62] 
2026-03-02 00:20:40 [reactor-http-nio-2] INFO  com.lbb.apigateway.filter.MyLogResponseRewriteFunction [traceId=, spanId=] - --- Response Body Log ---
2026-03-02 00:20:40 [reactor-http-nio-2] INFO  com.lbb.apigateway.filter.MyLogResponseRewriteFunction [traceId=, spanId=] - Path: /api/corebanking/termAccountInquery, Payload: {"timestamp":"2026-03-01T17:20:40.091+00:00","status":500,"error":"Internal Server Error","path":"/api/corebanking/termAccountInquery"}
2026-03-02 00:22:28 [reactor-http-nio-4] TRACE org.springframework.cloud.gateway.filter.WeightCalculatorWebFilter [traceId=, spanId=] - Weights attr: {}
2026-03-02 00:22:28 [reactor-http-nio-4] TRACE org.springframework.cloud.gateway.handler.predicate.PathRoutePredicateFactory [traceId=, spanId=] - Pattern "[/api/customers/**]" does not match against value "/api/corebanking/termAccountInquery"
2026-03-02 00:22:28 [reactor-http-nio-4] TRACE org.springframework.cloud.gateway.handler.predicate.PathRoutePredicateFactory [traceId=, spanId=] - Pattern "/api/corebanking/**" matches against value "/api/corebanking/termAccountInquery"
2026-03-02 00:22:28 [reactor-http-nio-4] DEBUG org.springframework.cloud.gateway.handler.RoutePredicateHandlerMapping [traceId=, spanId=] - Route matched: core_banking_route
2026-03-02 00:22:28 [reactor-http-nio-4] DEBUG org.springframework.cloud.gateway.handler.RoutePredicateHandlerMapping [traceId=, spanId=] - Mapping [Exchange: POST http://localhost:8080/api/corebanking/termAccountInquery] to Route{id='core_banking_route', uri=http://localhost:8082, order=0, predicate=Paths: [/api/corebanking/**], match trailing slash: true, gatewayFilters=[[[ModifyRequestBody Content type = [null], In class = ParameterizedTypeReference<class java.lang.String>, Out class = ParameterizedTypeReference<class java.lang.String>], order = 0], [ModifyResponseBody New content type = [null], In class = String, Out class = String]], metadata={}}
2026-03-02 00:22:28 [reactor-http-nio-4] DEBUG org.springframework.cloud.gateway.handler.RoutePredicateHandlerMapping [traceId=, spanId=] - [77d5a71f-63] Mapped to org.springframework.cloud.gateway.handler.FilteringWebHandler@29962b2f
2026-03-02 00:22:28 [reactor-http-nio-4] DEBUG org.springframework.cloud.gateway.handler.FilteringWebHandler [traceId=, spanId=] - Sorted gatewayFilterFactories: [[GatewayFilterAdapter{delegate=org.springframework.cloud.gateway.filter.RemoveCachedBodyFilter@3a0aaaf0}, order = -2147483648], [GatewayFilterAdapter{delegate=org.springframework.cloud.gateway.filter.AdaptCachedBodyGlobalFilter@32507479}, order = -2147482648], [ModifyResponseBody New content type = [null], In class = String, Out class = String], [GatewayFilterAdapter{delegate=org.springframework.cloud.gateway.filter.NettyWriteResponseFilter@784d9bc}, order = -1], [GatewayFilterAdapter{delegate=org.springframework.cloud.gateway.filter.ForwardPathFilter@7c7e73c5}, order = 0], [[ModifyRequestBody Content type = [null], In class = ParameterizedTypeReference<class java.lang.String>, Out class = ParameterizedTypeReference<class java.lang.String>], order = 0], [GatewayFilterAdapter{delegate=org.springframework.cloud.gateway.filter.RouteToRequestUrlFilter@426131d7}, order = 10000], [GatewayFilterAdapter{delegate=org.springframework.cloud.gateway.config.GatewayNoLoadBalancerClientAutoConfiguration$NoLoadBalancerClientFilter@58687fb7}, order = 10150], [GatewayFilterAdapter{delegate=org.springframework.cloud.gateway.filter.WebsocketRoutingFilter@13cc0b90}, order = 2147483646], [GatewayFilterAdapter{delegate=org.springframework.cloud.gateway.filter.NettyRoutingFilter@15214920}, order = 2147483647], [GatewayFilterAdapter{delegate=org.springframework.cloud.gateway.filter.ForwardRoutingFilter@5d9618f2}, order = 2147483647]]
2026-03-02 00:22:28 [reactor-http-nio-4] INFO  com.lbb.apigateway.filter.MyLogRewriteFunction [traceId=, spanId=] - --- Request Body Log ---
2026-03-02 00:22:28 [reactor-http-nio-4] INFO  com.lbb.apigateway.filter.MyLogRewriteFunction [traceId=, spanId=] - Path: /api/corebanking/termAccountInquery, Payload: {
    "account":"1200182110002250"
}
2026-03-02 00:22:28 [reactor-http-nio-4] TRACE org.springframework.cloud.gateway.filter.RouteToRequestUrlFilter [traceId=, spanId=] - RouteToRequestUrlFilter start
2026-03-02 00:22:28 [reactor-http-nio-4] TRACE org.springframework.cloud.gateway.filter.NettyRoutingFilter [traceId=, spanId=] - outbound route: 8840bfb1, inbound: [77d5a71f-63] 
2026-03-02 00:22:28 [reactor-http-nio-4] TRACE org.springframework.cloud.gateway.filter.NettyWriteResponseFilter [traceId=, spanId=] - NettyWriteResponseFilter start inbound: 8840bfb1, outbound: [77d5a71f-63] 
2026-03-02 00:22:28 [reactor-http-nio-4] INFO  com.lbb.apigateway.filter.MyLogResponseRewriteFunction [traceId=, spanId=] - --- Response Body Log ---
2026-03-02 00:22:28 [reactor-http-nio-4] INFO  com.lbb.apigateway.filter.MyLogResponseRewriteFunction [traceId=, spanId=] - Path: /api/corebanking/termAccountInquery, Payload: {"timestamp":"2026-03-01T17:22:28.983+00:00","status":500,"error":"Internal Server Error","path":"/api/corebanking/termAccountInquery"}
2026-03-02 00:22:29 [reactor-http-nio-4] TRACE org.springframework.cloud.gateway.filter.WeightCalculatorWebFilter [traceId=, spanId=] - Weights attr: {}
2026-03-02 00:22:29 [reactor-http-nio-4] TRACE org.springframework.cloud.gateway.handler.predicate.PathRoutePredicateFactory [traceId=, spanId=] - Pattern "[/api/customers/**]" does not match against value "/api/corebanking/termAccountInquery"
2026-03-02 00:22:29 [reactor-http-nio-4] TRACE org.springframework.cloud.gateway.handler.predicate.PathRoutePredicateFactory [traceId=, spanId=] - Pattern "/api/corebanking/**" matches against value "/api/corebanking/termAccountInquery"
2026-03-02 00:22:29 [reactor-http-nio-4] DEBUG org.springframework.cloud.gateway.handler.RoutePredicateHandlerMapping [traceId=, spanId=] - Route matched: core_banking_route
2026-03-02 00:22:29 [reactor-http-nio-4] DEBUG org.springframework.cloud.gateway.handler.RoutePredicateHandlerMapping [traceId=, spanId=] - Mapping [Exchange: POST http://localhost:8080/api/corebanking/termAccountInquery] to Route{id='core_banking_route', uri=http://localhost:8082, order=0, predicate=Paths: [/api/corebanking/**], match trailing slash: true, gatewayFilters=[[[ModifyRequestBody Content type = [null], In class = ParameterizedTypeReference<class java.lang.String>, Out class = ParameterizedTypeReference<class java.lang.String>], order = 0], [ModifyResponseBody New content type = [null], In class = String, Out class = String]], metadata={}}
2026-03-02 00:22:29 [reactor-http-nio-4] DEBUG org.springframework.cloud.gateway.handler.RoutePredicateHandlerMapping [traceId=, spanId=] - [77d5a71f-64] Mapped to org.springframework.cloud.gateway.handler.FilteringWebHandler@29962b2f
2026-03-02 00:22:29 [reactor-http-nio-4] DEBUG org.springframework.cloud.gateway.handler.FilteringWebHandler [traceId=, spanId=] - Sorted gatewayFilterFactories: [[GatewayFilterAdapter{delegate=org.springframework.cloud.gateway.filter.RemoveCachedBodyFilter@3a0aaaf0}, order = -2147483648], [GatewayFilterAdapter{delegate=org.springframework.cloud.gateway.filter.AdaptCachedBodyGlobalFilter@32507479}, order = -2147482648], [ModifyResponseBody New content type = [null], In class = String, Out class = String], [GatewayFilterAdapter{delegate=org.springframework.cloud.gateway.filter.NettyWriteResponseFilter@784d9bc}, order = -1], [GatewayFilterAdapter{delegate=org.springframework.cloud.gateway.filter.ForwardPathFilter@7c7e73c5}, order = 0], [[ModifyRequestBody Content type = [null], In class = ParameterizedTypeReference<class java.lang.String>, Out class = ParameterizedTypeReference<class java.lang.String>], order = 0], [GatewayFilterAdapter{delegate=org.springframework.cloud.gateway.filter.RouteToRequestUrlFilter@426131d7}, order = 10000], [GatewayFilterAdapter{delegate=org.springframework.cloud.gateway.config.GatewayNoLoadBalancerClientAutoConfiguration$NoLoadBalancerClientFilter@58687fb7}, order = 10150], [GatewayFilterAdapter{delegate=org.springframework.cloud.gateway.filter.WebsocketRoutingFilter@13cc0b90}, order = 2147483646], [GatewayFilterAdapter{delegate=org.springframework.cloud.gateway.filter.NettyRoutingFilter@15214920}, order = 2147483647], [GatewayFilterAdapter{delegate=org.springframework.cloud.gateway.filter.ForwardRoutingFilter@5d9618f2}, order = 2147483647]]
2026-03-02 00:22:29 [reactor-http-nio-4] INFO  com.lbb.apigateway.filter.MyLogRewriteFunction [traceId=, spanId=] - --- Request Body Log ---
2026-03-02 00:22:29 [reactor-http-nio-4] INFO  com.lbb.apigateway.filter.MyLogRewriteFunction [traceId=, spanId=] - Path: /api/corebanking/termAccountInquery, Payload: {
    "account":"1200182110002250"
}
2026-03-02 00:22:29 [reactor-http-nio-4] TRACE org.springframework.cloud.gateway.filter.RouteToRequestUrlFilter [traceId=, spanId=] - RouteToRequestUrlFilter start
2026-03-02 00:22:29 [reactor-http-nio-4] TRACE org.springframework.cloud.gateway.filter.NettyRoutingFilter [traceId=, spanId=] - outbound route: 407436da, inbound: [77d5a71f-64] 
2026-03-02 00:22:30 [reactor-http-nio-4] TRACE org.springframework.cloud.gateway.filter.NettyWriteResponseFilter [traceId=, spanId=] - NettyWriteResponseFilter start inbound: 407436da, outbound: [77d5a71f-64] 
2026-03-02 00:22:30 [reactor-http-nio-4] INFO  com.lbb.apigateway.filter.MyLogResponseRewriteFunction [traceId=, spanId=] - --- Response Body Log ---
2026-03-02 00:22:30 [reactor-http-nio-4] INFO  com.lbb.apigateway.filter.MyLogResponseRewriteFunction [traceId=, spanId=] - Path: /api/corebanking/termAccountInquery, Payload: {"timestamp":"2026-03-01T17:22:30.071+00:00","status":500,"error":"Internal Server Error","path":"/api/corebanking/termAccountInquery"}
2026-03-02 00:23:17 [reactor-http-nio-4] TRACE org.springframework.cloud.gateway.filter.WeightCalculatorWebFilter [traceId=, spanId=] - Weights attr: {}
2026-03-02 00:23:17 [reactor-http-nio-4] TRACE org.springframework.cloud.gateway.handler.predicate.PathRoutePredicateFactory [traceId=, spanId=] - Pattern "[/api/customers/**]" does not match against value "/api/corebanking/termAccountInquery"
2026-03-02 00:23:17 [reactor-http-nio-4] TRACE org.springframework.cloud.gateway.handler.predicate.PathRoutePredicateFactory [traceId=, spanId=] - Pattern "/api/corebanking/**" matches against value "/api/corebanking/termAccountInquery"
2026-03-02 00:23:17 [reactor-http-nio-4] DEBUG org.springframework.cloud.gateway.handler.RoutePredicateHandlerMapping [traceId=, spanId=] - Route matched: core_banking_route
2026-03-02 00:23:17 [reactor-http-nio-4] DEBUG org.springframework.cloud.gateway.handler.RoutePredicateHandlerMapping [traceId=, spanId=] - Mapping [Exchange: POST http://localhost:8080/api/corebanking/termAccountInquery] to Route{id='core_banking_route', uri=http://localhost:8082, order=0, predicate=Paths: [/api/corebanking/**], match trailing slash: true, gatewayFilters=[[[ModifyRequestBody Content type = [null], In class = ParameterizedTypeReference<class java.lang.String>, Out class = ParameterizedTypeReference<class java.lang.String>], order = 0], [ModifyResponseBody New content type = [null], In class = String, Out class = String]], metadata={}}
2026-03-02 00:23:17 [reactor-http-nio-4] DEBUG org.springframework.cloud.gateway.handler.RoutePredicateHandlerMapping [traceId=, spanId=] - [77d5a71f-65] Mapped to org.springframework.cloud.gateway.handler.FilteringWebHandler@29962b2f
2026-03-02 00:23:17 [reactor-http-nio-4] DEBUG org.springframework.cloud.gateway.handler.FilteringWebHandler [traceId=, spanId=] - Sorted gatewayFilterFactories: [[GatewayFilterAdapter{delegate=org.springframework.cloud.gateway.filter.RemoveCachedBodyFilter@3a0aaaf0}, order = -2147483648], [GatewayFilterAdapter{delegate=org.springframework.cloud.gateway.filter.AdaptCachedBodyGlobalFilter@32507479}, order = -2147482648], [ModifyResponseBody New content type = [null], In class = String, Out class = String], [GatewayFilterAdapter{delegate=org.springframework.cloud.gateway.filter.NettyWriteResponseFilter@784d9bc}, order = -1], [GatewayFilterAdapter{delegate=org.springframework.cloud.gateway.filter.ForwardPathFilter@7c7e73c5}, order = 0], [[ModifyRequestBody Content type = [null], In class = ParameterizedTypeReference<class java.lang.String>, Out class = ParameterizedTypeReference<class java.lang.String>], order = 0], [GatewayFilterAdapter{delegate=org.springframework.cloud.gateway.filter.RouteToRequestUrlFilter@426131d7}, order = 10000], [GatewayFilterAdapter{delegate=org.springframework.cloud.gateway.config.GatewayNoLoadBalancerClientAutoConfiguration$NoLoadBalancerClientFilter@58687fb7}, order = 10150], [GatewayFilterAdapter{delegate=org.springframework.cloud.gateway.filter.WebsocketRoutingFilter@13cc0b90}, order = 2147483646], [GatewayFilterAdapter{delegate=org.springframework.cloud.gateway.filter.NettyRoutingFilter@15214920}, order = 2147483647], [GatewayFilterAdapter{delegate=org.springframework.cloud.gateway.filter.ForwardRoutingFilter@5d9618f2}, order = 2147483647]]
2026-03-02 00:23:17 [reactor-http-nio-4] INFO  com.lbb.apigateway.filter.MyLogRewriteFunction [traceId=, spanId=] - --- Request Body Log ---
2026-03-02 00:23:17 [reactor-http-nio-4] INFO  com.lbb.apigateway.filter.MyLogRewriteFunction [traceId=, spanId=] - Path: /api/corebanking/termAccountInquery, Payload: {
    "account":"1200182110002250"
}
2026-03-02 00:23:17 [reactor-http-nio-4] TRACE org.springframework.cloud.gateway.filter.RouteToRequestUrlFilter [traceId=, spanId=] - RouteToRequestUrlFilter start
2026-03-02 00:23:17 [reactor-http-nio-4] TRACE org.springframework.cloud.gateway.filter.NettyRoutingFilter [traceId=, spanId=] - outbound route: 79bb96c0, inbound: [77d5a71f-65] 
2026-03-02 00:23:18 [reactor-http-nio-4] TRACE org.springframework.cloud.gateway.filter.NettyWriteResponseFilter [traceId=, spanId=] - NettyWriteResponseFilter start inbound: 79bb96c0, outbound: [77d5a71f-65] 
2026-03-02 00:23:18 [reactor-http-nio-4] INFO  com.lbb.apigateway.filter.MyLogResponseRewriteFunction [traceId=, spanId=] - --- Response Body Log ---
2026-03-02 00:23:18 [reactor-http-nio-4] INFO  com.lbb.apigateway.filter.MyLogResponseRewriteFunction [traceId=, spanId=] - Path: /api/corebanking/termAccountInquery, Payload: {"code":"CBS.MESSAGE.SUCCESS","status":"200","responseType":"Success","message":"API call has been successfully completed. ","journalNo":"3562619","details":{"acctNo":"1200182110002250","certificateNo":null,"acctType":"104","contractType":null,"ibanCode":null,"globalIdType":"PPT","globalId":"PA0071920","clientNo":"2001821","clientShort":"PITI-PHANTHASOMBATH","acctDesc":"PITI-PHANTHASOMBATH","branch":"100","ccy":"LAK","ownershipType":"SG","acctStatus":"A","origAcctOpenDate":"2025-08-01T00:00:00.000+07:00","acctOpenDate":"2025-08-01T00:00:00.000+07:00","openTranDate":"2025-08-01T00:00:00.000+07:00","lastChangeDate":"2025-10-15T00:00:00.000+07:00","profitCentre":"100","clientInd":"N","docType":null,"officerId":"R009","stmtPbk":null,"intStmt":"N","freeCheques":0,"exceedRfLimit":"N","toleranceAmt":0,"ataAcct":null,"acctCloseDate":null,"acctCloseReason":null,"nbcCode":null,"hoRepCode":null,"actualOrLedgerBal":"A","islamicInd":"N","autoGenerateAcctNo":null,"oldProductCode":null,"intDetailRec":null,"acctStmtRec":null,"tdaRec":null,"prodScDefRec":{"prodNo":"1200182110002250","moduleId":"DEP","subType":"A","stopSc":"N","thirdPartyAcctNo":null,"scException":null,"scGroupCode":null,"scPackType":null,"fwEligible":"N","fwStatus":"N","taxFiler":"N","version":2,"bizVersion":3,"createdBy":"kongapiconnect","createdDt":"2025-08-05T09:53:46.000+07:00","journalDt":"2025-08-01T00:00:00.000+07:00","journalNo":2353578,"modifiedBy":"CBSMB","modifiedDt":"2025-08-12T13:30:10.045+07:00","virtualAttributeList":[],"dataExtensionList":[],"header":null,"securityHint":null,"digitalSignature":null,"hasNextYn":null,"messageInfoList":[],"hasError":null,"publicKey":null,"lastSuccessfulValidation":null,"changeSummary":null},"prodScIndividualList":[],"prodScMaintFeeList":[],"depFeeApplyList":[],"docDomainObjDefnList":[],"version":319,"bizVersion":320,"createdBy":"kongapiconnect","createdDt":"2025-08-05T09:53:46.000+07:00","journalDt":"2025-10-15T00:00:00.000+07:00","journalNo":3552756,"modifiedBy":"CBSMB","modifiedDt":"2026-02-26T16:16:02.115+07:00","virtualAttributeList":[],"dataExtensionList":[],"header":{"serviceOperation":null,"applUserCode":null,"organisationCode":null,"userRoleList":null,"dataChannelCode":null,"langCode":null,"corrId":null,"screenNo":null,"bpmInfo":null,"clientInfo":null,"creationTime":null,"typeName":"com.silverlakesymmetri.cbs.dep.bdo.sdo.Acct","channelSource":null,"channelTranDt":null,"resend":null,"requestUri":null,"hasAuthToken":null},"securityHint":null,"digitalSignature":null,"hasNextYn":null,"messageInfoList":[],"hasError":null,"publicKey":"1200182110002250","lastSuccessfulValidation":null,"changeSummary":null,"jointAcctList":[]},"warningInfoList":[]}
2026-03-02 23:13:37 [reactor-http-nio-6] TRACE org.springframework.cloud.gateway.filter.WeightCalculatorWebFilter [traceId=, spanId=] - Weights attr: {}
2026-03-02 23:13:37 [reactor-http-nio-6] TRACE org.springframework.cloud.gateway.handler.predicate.PathRoutePredicateFactory [traceId=, spanId=] - Pattern "[/api/customers/**]" does not match against value "/auth/login"
2026-03-02 23:13:37 [reactor-http-nio-6] TRACE org.springframework.cloud.gateway.handler.predicate.PathRoutePredicateFactory [traceId=, spanId=] - Pattern "[/api/corebanking/**]" does not match against value "/auth/login"
2026-03-02 23:13:37 [reactor-http-nio-6] TRACE org.springframework.cloud.gateway.handler.predicate.PathRoutePredicateFactory [traceId=, spanId=] - Pattern "[/api/customers/**]" does not match against value "/auth/login"
2026-03-02 23:13:37 [reactor-http-nio-6] TRACE org.springframework.cloud.gateway.handler.RoutePredicateHandlerMapping [traceId=, spanId=] - No RouteDefinition found for [Exchange: POST http://localhost:8080/auth/login?username=admin]
2026-03-02 23:13:37 [reactor-http-nio-6] DEBUG org.springframework.web.reactive.handler.SimpleUrlHandlerMapping [traceId=, spanId=] - [c61998e9-66] Mapped to ResourceWebHandler [classpath [META-INF/resources/], classpath [resources/], classpath [static/], classpath [public/]]
2026-03-02 23:13:37 [reactor-http-nio-6] DEBUG org.springframework.web.reactive.resource.ResourceWebHandler [traceId=, spanId=] - [c61998e9-66] Resource not found
