2026-03-04 20:23:41 [background-preinit] INFO  org.hibernate.validator.internal.util.Version [traceId=, spanId=] - HV000001: Hibernate Validator 8.0.2.Final
2026-03-04 20:23:41 [main] INFO  com.lbb.apigateway.ApigatewayApplication [traceId=, spanId=] - Starting ApigatewayApplication using Java 17.0.6 with PID 4834 (/Users/thavisoukkhounlasapiphak/Desktop/EXTERNAL_PROJECT/API_GATEWAY_LBB/source_code/backend/apigateway/target/classes started by thavisoukkhounlasapiphak in /Users/thavisoukkhounlasapiphak/Desktop/EXTERNAL_PROJECT/API_GATEWAY_LBB/source_code/backend/apigateway)
2026-03-04 20:23:41 [main] INFO  com.lbb.apigateway.ApigatewayApplication [traceId=, spanId=] - No active profile set, falling back to 1 default profile: "default"
2026-03-04 20:23:41 [main] TRACE org.springframework.cloud.gateway.config.conditional.OnEnabledGlobalFilter [traceId=, spanId=] - Condition OnEnabledGlobalFilter on org.springframework.cloud.gateway.config.GatewayAutoConfiguration$NettyConfiguration#routingFilter matched
2026-03-04 20:23:41 [main] TRACE org.springframework.cloud.gateway.config.conditional.OnEnabledGlobalFilter [traceId=, spanId=] - Condition OnEnabledGlobalFilter on org.springframework.cloud.gateway.config.GatewayAutoConfiguration$NettyConfiguration#nettyWriteResponseFilter matched
2026-03-04 20:23:41 [main] TRACE org.springframework.cloud.gateway.config.conditional.OnEnabledGlobalFilter [traceId=, spanId=] - Condition OnEnabledGlobalFilter on org.springframework.cloud.gateway.config.GatewayAutoConfiguration$NettyConfiguration#reactorNettyWebSocketClient matched
2026-03-04 20:23:41 [main] TRACE org.springframework.cloud.gateway.config.conditional.OnEnabledGlobalFilter [traceId=, spanId=] - Condition OnEnabledGlobalFilter on org.springframework.cloud.gateway.config.GatewayAutoConfiguration$NettyConfiguration#reactorNettyRequestUpgradeStrategy matched
2026-03-04 20:23:41 [main] TRACE org.springframework.cloud.gateway.config.conditional.OnEnabledGlobalFilter [traceId=, spanId=] - Condition OnEnabledGlobalFilter on org.springframework.cloud.gateway.config.GatewayAutoConfiguration#adaptCachedBodyGlobalFilter matched
2026-03-04 20:23:41 [main] TRACE org.springframework.cloud.gateway.config.conditional.OnEnabledGlobalFilter [traceId=, spanId=] - Condition OnEnabledGlobalFilter on org.springframework.cloud.gateway.config.GatewayAutoConfiguration#removeCachedBodyFilter matched
2026-03-04 20:23:41 [main] TRACE org.springframework.cloud.gateway.config.conditional.OnEnabledGlobalFilter [traceId=, spanId=] - Condition OnEnabledGlobalFilter on org.springframework.cloud.gateway.config.GatewayAutoConfiguration#routeToRequestUrlFilter matched
2026-03-04 20:23:41 [main] TRACE org.springframework.cloud.gateway.config.conditional.OnEnabledGlobalFilter [traceId=, spanId=] - Condition OnEnabledGlobalFilter on org.springframework.cloud.gateway.config.GatewayAutoConfiguration#forwardRoutingFilter matched
2026-03-04 20:23:41 [main] TRACE org.springframework.cloud.gateway.config.conditional.OnEnabledGlobalFilter [traceId=, spanId=] - Condition OnEnabledGlobalFilter on org.springframework.cloud.gateway.config.GatewayAutoConfiguration#forwardPathFilter matched
2026-03-04 20:23:41 [main] TRACE org.springframework.cloud.gateway.config.conditional.OnEnabledGlobalFilter [traceId=, spanId=] - Condition OnEnabledGlobalFilter on org.springframework.cloud.gateway.config.GatewayAutoConfiguration#webSocketService matched
2026-03-04 20:23:41 [main] TRACE org.springframework.cloud.gateway.config.conditional.OnEnabledGlobalFilter [traceId=, spanId=] - Condition OnEnabledGlobalFilter on org.springframework.cloud.gateway.config.GatewayAutoConfiguration#websocketRoutingFilter matched
2026-03-04 20:23:41 [main] TRACE org.springframework.cloud.gateway.config.conditional.OnEnabledPredicate [traceId=, spanId=] - Condition OnEnabledPredicate on org.springframework.cloud.gateway.config.GatewayAutoConfiguration#weightCalculatorWebFilter matched
2026-03-04 20:23:41 [main] TRACE org.springframework.cloud.gateway.config.conditional.OnEnabledPredicate [traceId=, spanId=] - Condition OnEnabledPredicate on org.springframework.cloud.gateway.config.GatewayAutoConfiguration#afterRoutePredicateFactory matched
2026-03-04 20:23:41 [main] TRACE org.springframework.cloud.gateway.config.conditional.OnEnabledPredicate [traceId=, spanId=] - Condition OnEnabledPredicate on org.springframework.cloud.gateway.config.GatewayAutoConfiguration#beforeRoutePredicateFactory matched
2026-03-04 20:23:41 [main] TRACE org.springframework.cloud.gateway.config.conditional.OnEnabledPredicate [traceId=, spanId=] - Condition OnEnabledPredicate on org.springframework.cloud.gateway.config.GatewayAutoConfiguration#betweenRoutePredicateFactory matched
2026-03-04 20:23:41 [main] TRACE org.springframework.cloud.gateway.config.conditional.OnEnabledPredicate [traceId=, spanId=] - Condition OnEnabledPredicate on org.springframework.cloud.gateway.config.GatewayAutoConfiguration#cookieRoutePredicateFactory matched
2026-03-04 20:23:41 [main] TRACE org.springframework.cloud.gateway.config.conditional.OnEnabledPredicate [traceId=, spanId=] - Condition OnEnabledPredicate on org.springframework.cloud.gateway.config.GatewayAutoConfiguration#headerRoutePredicateFactory matched
2026-03-04 20:23:41 [main] TRACE org.springframework.cloud.gateway.config.conditional.OnEnabledPredicate [traceId=, spanId=] - Condition OnEnabledPredicate on org.springframework.cloud.gateway.config.GatewayAutoConfiguration#hostRoutePredicateFactory matched
2026-03-04 20:23:41 [main] TRACE org.springframework.cloud.gateway.config.conditional.OnEnabledPredicate [traceId=, spanId=] - Condition OnEnabledPredicate on org.springframework.cloud.gateway.config.GatewayAutoConfiguration#methodRoutePredicateFactory matched
2026-03-04 20:23:41 [main] TRACE org.springframework.cloud.gateway.config.conditional.OnEnabledPredicate [traceId=, spanId=] - Condition OnEnabledPredicate on org.springframework.cloud.gateway.config.GatewayAutoConfiguration#pathRoutePredicateFactory matched
2026-03-04 20:23:41 [main] TRACE org.springframework.cloud.gateway.config.conditional.OnEnabledPredicate [traceId=, spanId=] - Condition OnEnabledPredicate on org.springframework.cloud.gateway.config.GatewayAutoConfiguration#queryRoutePredicateFactory matched
2026-03-04 20:23:41 [main] TRACE org.springframework.cloud.gateway.config.conditional.OnEnabledPredicate [traceId=, spanId=] - Condition OnEnabledPredicate on org.springframework.cloud.gateway.config.GatewayAutoConfiguration#readBodyPredicateFactory matched
2026-03-04 20:23:41 [main] TRACE org.springframework.cloud.gateway.config.conditional.OnEnabledPredicate [traceId=, spanId=] - Condition OnEnabledPredicate on org.springframework.cloud.gateway.config.GatewayAutoConfiguration#remoteAddrRoutePredicateFactory matched
2026-03-04 20:23:41 [main] TRACE org.springframework.cloud.gateway.config.conditional.OnEnabledPredicate [traceId=, spanId=] - Condition OnEnabledPredicate on org.springframework.cloud.gateway.config.GatewayAutoConfiguration#xForwardedRemoteAddrRoutePredicateFactory matched
2026-03-04 20:23:41 [main] TRACE org.springframework.cloud.gateway.config.conditional.OnEnabledPredicate [traceId=, spanId=] - Condition OnEnabledPredicate on org.springframework.cloud.gateway.config.GatewayAutoConfiguration#weightRoutePredicateFactory matched
2026-03-04 20:23:41 [main] TRACE org.springframework.cloud.gateway.config.conditional.OnEnabledPredicate [traceId=, spanId=] - Condition OnEnabledPredicate on org.springframework.cloud.gateway.config.GatewayAutoConfiguration#cloudFoundryRouteServiceRoutePredicateFactory matched
2026-03-04 20:23:41 [main] TRACE org.springframework.cloud.gateway.config.conditional.OnEnabledFilter [traceId=, spanId=] - Condition OnEnabledFilter on org.springframework.cloud.gateway.config.GatewayAutoConfiguration#addRequestHeaderGatewayFilterFactory matched
2026-03-04 20:23:41 [main] TRACE org.springframework.cloud.gateway.config.conditional.OnEnabledFilter [traceId=, spanId=] - Condition OnEnabledFilter on org.springframework.cloud.gateway.config.GatewayAutoConfiguration#addRequestHeadersIfNotPresentGatewayFilterFactory matched
2026-03-04 20:23:41 [main] TRACE org.springframework.cloud.gateway.config.conditional.OnEnabledFilter [traceId=, spanId=] - Condition OnEnabledFilter on org.springframework.cloud.gateway.config.GatewayAutoConfiguration#mapRequestHeaderGatewayFilterFactory matched
2026-03-04 20:23:41 [main] TRACE org.springframework.cloud.gateway.config.conditional.OnEnabledFilter [traceId=, spanId=] - Condition OnEnabledFilter on org.springframework.cloud.gateway.config.GatewayAutoConfiguration#addRequestParameterGatewayFilterFactory matched
2026-03-04 20:23:41 [main] TRACE org.springframework.cloud.gateway.config.conditional.OnEnabledFilter [traceId=, spanId=] - Condition OnEnabledFilter on org.springframework.cloud.gateway.config.GatewayAutoConfiguration#addResponseHeaderGatewayFilterFactory matched
2026-03-04 20:23:41 [main] TRACE org.springframework.cloud.gateway.config.conditional.OnEnabledFilter [traceId=, spanId=] - Condition OnEnabledFilter on org.springframework.cloud.gateway.config.GatewayAutoConfiguration#modifyRequestBodyGatewayFilterFactory matched
2026-03-04 20:23:41 [main] TRACE org.springframework.cloud.gateway.config.conditional.OnEnabledFilter [traceId=, spanId=] - Condition OnEnabledFilter on org.springframework.cloud.gateway.config.GatewayAutoConfiguration#dedupeResponseHeaderGatewayFilterFactory matched
2026-03-04 20:23:41 [main] TRACE org.springframework.cloud.gateway.config.conditional.OnEnabledFilter [traceId=, spanId=] - Condition OnEnabledFilter on org.springframework.cloud.gateway.config.GatewayAutoConfiguration#modifyResponseBodyGatewayFilterFactory matched
2026-03-04 20:23:41 [main] TRACE org.springframework.cloud.gateway.config.conditional.OnEnabledFilter [traceId=, spanId=] - Condition OnEnabledFilter on org.springframework.cloud.gateway.config.GatewayAutoConfiguration#cacheRequestBodyGatewayFilterFactory matched
2026-03-04 20:23:41 [main] TRACE org.springframework.cloud.gateway.config.conditional.OnEnabledFilter [traceId=, spanId=] - Condition OnEnabledFilter on org.springframework.cloud.gateway.config.GatewayAutoConfiguration#prefixPathGatewayFilterFactory matched
2026-03-04 20:23:41 [main] TRACE org.springframework.cloud.gateway.config.conditional.OnEnabledFilter [traceId=, spanId=] - Condition OnEnabledFilter on org.springframework.cloud.gateway.config.GatewayAutoConfiguration#preserveHostHeaderGatewayFilterFactory matched
2026-03-04 20:23:41 [main] TRACE org.springframework.cloud.gateway.config.conditional.OnEnabledFilter [traceId=, spanId=] - Condition OnEnabledFilter on org.springframework.cloud.gateway.config.GatewayAutoConfiguration#redirectToGatewayFilterFactory matched
2026-03-04 20:23:41 [main] TRACE org.springframework.cloud.gateway.config.conditional.OnEnabledFilter [traceId=, spanId=] - Condition OnEnabledFilter on org.springframework.cloud.gateway.config.GatewayAutoConfiguration#removeJsonAttributesResponseBodyGatewayFilterFactory matched
2026-03-04 20:23:41 [main] TRACE org.springframework.cloud.gateway.config.conditional.OnEnabledFilter [traceId=, spanId=] - Condition OnEnabledFilter on org.springframework.cloud.gateway.config.GatewayAutoConfiguration#removeRequestHeaderGatewayFilterFactory matched
2026-03-04 20:23:41 [main] TRACE org.springframework.cloud.gateway.config.conditional.OnEnabledFilter [traceId=, spanId=] - Condition OnEnabledFilter on org.springframework.cloud.gateway.config.GatewayAutoConfiguration#removeRequestParameterGatewayFilterFactory matched
2026-03-04 20:23:41 [main] TRACE org.springframework.cloud.gateway.config.conditional.OnEnabledFilter [traceId=, spanId=] - Condition OnEnabledFilter on org.springframework.cloud.gateway.config.GatewayAutoConfiguration#removeResponseHeaderGatewayFilterFactory matched
2026-03-04 20:23:41 [main] TRACE org.springframework.cloud.gateway.config.conditional.OnEnabledFilter [traceId=, spanId=] - Condition OnEnabledFilter on org.springframework.cloud.gateway.config.GatewayAutoConfiguration#rewritePathGatewayFilterFactory matched
2026-03-04 20:23:41 [main] TRACE org.springframework.cloud.gateway.config.conditional.OnEnabledFilter [traceId=, spanId=] - Condition OnEnabledFilter on org.springframework.cloud.gateway.config.GatewayAutoConfiguration#retryGatewayFilterFactory matched
2026-03-04 20:23:41 [main] TRACE org.springframework.cloud.gateway.config.conditional.OnEnabledFilter [traceId=, spanId=] - Condition OnEnabledFilter on org.springframework.cloud.gateway.config.GatewayAutoConfiguration#setPathGatewayFilterFactory matched
2026-03-04 20:23:41 [main] TRACE org.springframework.cloud.gateway.config.conditional.OnEnabledFilter [traceId=, spanId=] - Condition OnEnabledFilter on org.springframework.cloud.gateway.config.GatewayAutoConfiguration#secureHeadersGatewayFilterFactory matched
2026-03-04 20:23:41 [main] TRACE org.springframework.cloud.gateway.config.conditional.OnEnabledFilter [traceId=, spanId=] - Condition OnEnabledFilter on org.springframework.cloud.gateway.config.GatewayAutoConfiguration#setRequestHeaderGatewayFilterFactory matched
2026-03-04 20:23:41 [main] TRACE org.springframework.cloud.gateway.config.conditional.OnEnabledFilter [traceId=, spanId=] - Condition OnEnabledFilter on org.springframework.cloud.gateway.config.GatewayAutoConfiguration#setRequestHostHeaderGatewayFilterFactory matched
2026-03-04 20:23:41 [main] TRACE org.springframework.cloud.gateway.config.conditional.OnEnabledFilter [traceId=, spanId=] - Condition OnEnabledFilter on org.springframework.cloud.gateway.config.GatewayAutoConfiguration#setResponseHeaderGatewayFilterFactory matched
2026-03-04 20:23:41 [main] TRACE org.springframework.cloud.gateway.config.conditional.OnEnabledFilter [traceId=, spanId=] - Condition OnEnabledFilter on org.springframework.cloud.gateway.config.GatewayAutoConfiguration#rewriteResponseHeaderGatewayFilterFactory matched
2026-03-04 20:23:41 [main] TRACE org.springframework.cloud.gateway.config.conditional.OnEnabledFilter [traceId=, spanId=] - Condition OnEnabledFilter on org.springframework.cloud.gateway.config.GatewayAutoConfiguration#rewriteLocationResponseHeaderGatewayFilterFactory matched
2026-03-04 20:23:41 [main] TRACE org.springframework.cloud.gateway.config.conditional.OnEnabledFilter [traceId=, spanId=] - Condition OnEnabledFilter on org.springframework.cloud.gateway.config.GatewayAutoConfiguration#setStatusGatewayFilterFactory matched
2026-03-04 20:23:41 [main] TRACE org.springframework.cloud.gateway.config.conditional.OnEnabledFilter [traceId=, spanId=] - Condition OnEnabledFilter on org.springframework.cloud.gateway.config.GatewayAutoConfiguration#saveSessionGatewayFilterFactory matched
2026-03-04 20:23:41 [main] TRACE org.springframework.cloud.gateway.config.conditional.OnEnabledFilter [traceId=, spanId=] - Condition OnEnabledFilter on org.springframework.cloud.gateway.config.GatewayAutoConfiguration#stripPrefixGatewayFilterFactory matched
2026-03-04 20:23:41 [main] TRACE org.springframework.cloud.gateway.config.conditional.OnEnabledFilter [traceId=, spanId=] - Condition OnEnabledFilter on org.springframework.cloud.gateway.config.GatewayAutoConfiguration#requestHeaderToRequestUriGatewayFilterFactory matched
2026-03-04 20:23:41 [main] TRACE org.springframework.cloud.gateway.config.conditional.OnEnabledFilter [traceId=, spanId=] - Condition OnEnabledFilter on org.springframework.cloud.gateway.config.GatewayAutoConfiguration#requestSizeGatewayFilterFactory matched
2026-03-04 20:23:41 [main] TRACE org.springframework.cloud.gateway.config.conditional.OnEnabledFilter [traceId=, spanId=] - Condition OnEnabledFilter on org.springframework.cloud.gateway.config.GatewayAutoConfiguration#requestHeaderSizeGatewayFilterFactory matched
2026-03-04 20:23:41 [main] TRACE org.springframework.cloud.gateway.config.conditional.OnEnabledFilter [traceId=, spanId=] - Condition OnEnabledFilter on org.springframework.cloud.gateway.config.GatewayAutoConfiguration#rewriteRequestParameterGatewayFilterFactory matched
2026-03-04 20:23:41 [main] INFO  org.springframework.cloud.context.scope.GenericScope [traceId=, spanId=] - BeanFactory id=cf628ff5-696e-3324-b320-33db5673beec
2026-03-04 20:23:42 [main] DEBUG org.springframework.cloud.gateway.config.GatewayProperties [traceId=, spanId=] - Routes supplied from Gateway Properties: [RouteDefinition{id='customer_service_route', predicates=[PredicateDefinition{name='Path', args={_genkey_0=/api/customers/**}}], filters=[], uri=http://localhost:8081, order=0, metadata={}, enabled=true}]
2026-03-04 20:23:42 [main] INFO  org.springframework.cloud.gateway.route.RouteDefinitionRouteLocator [traceId=, spanId=] - Loaded RoutePredicateFactory [After]
2026-03-04 20:23:42 [main] INFO  org.springframework.cloud.gateway.route.RouteDefinitionRouteLocator [traceId=, spanId=] - Loaded RoutePredicateFactory [Before]
2026-03-04 20:23:42 [main] INFO  org.springframework.cloud.gateway.route.RouteDefinitionRouteLocator [traceId=, spanId=] - Loaded RoutePredicateFactory [Between]
2026-03-04 20:23:42 [main] INFO  org.springframework.cloud.gateway.route.RouteDefinitionRouteLocator [traceId=, spanId=] - Loaded RoutePredicateFactory [Cookie]
2026-03-04 20:23:42 [main] INFO  org.springframework.cloud.gateway.route.RouteDefinitionRouteLocator [traceId=, spanId=] - Loaded RoutePredicateFactory [Header]
2026-03-04 20:23:42 [main] INFO  org.springframework.cloud.gateway.route.RouteDefinitionRouteLocator [traceId=, spanId=] - Loaded RoutePredicateFactory [Host]
2026-03-04 20:23:42 [main] INFO  org.springframework.cloud.gateway.route.RouteDefinitionRouteLocator [traceId=, spanId=] - Loaded RoutePredicateFactory [Method]
2026-03-04 20:23:42 [main] INFO  org.springframework.cloud.gateway.route.RouteDefinitionRouteLocator [traceId=, spanId=] - Loaded RoutePredicateFactory [Path]
2026-03-04 20:23:42 [main] INFO  org.springframework.cloud.gateway.route.RouteDefinitionRouteLocator [traceId=, spanId=] - Loaded RoutePredicateFactory [Query]
2026-03-04 20:23:42 [main] INFO  org.springframework.cloud.gateway.route.RouteDefinitionRouteLocator [traceId=, spanId=] - Loaded RoutePredicateFactory [ReadBody]
2026-03-04 20:23:42 [main] INFO  org.springframework.cloud.gateway.route.RouteDefinitionRouteLocator [traceId=, spanId=] - Loaded RoutePredicateFactory [RemoteAddr]
2026-03-04 20:23:42 [main] INFO  org.springframework.cloud.gateway.route.RouteDefinitionRouteLocator [traceId=, spanId=] - Loaded RoutePredicateFactory [XForwardedRemoteAddr]
2026-03-04 20:23:42 [main] INFO  org.springframework.cloud.gateway.route.RouteDefinitionRouteLocator [traceId=, spanId=] - Loaded RoutePredicateFactory [Weight]
2026-03-04 20:23:42 [main] INFO  org.springframework.cloud.gateway.route.RouteDefinitionRouteLocator [traceId=, spanId=] - Loaded RoutePredicateFactory [CloudFoundryRouteService]
2026-03-04 20:23:42 [main] DEBUG org.springframework.web.reactive.handler.SimpleUrlHandlerMapping [traceId=, spanId=] - Patterns [/webjars/**, /**] in 'resourceHandlerMapping'
2026-03-04 20:23:42 [main] DEBUG org.springframework.web.reactive.result.method.annotation.ControllerMethodResolver [traceId=, spanId=] - ControllerAdvice beans: none
2026-03-04 20:23:44 [main] WARN  org.springframework.boot.web.reactive.context.AnnotationConfigReactiveWebServerApplicationContext [traceId=, spanId=] - Exception encountered during context initialization - cancelling refresh attempt: org.springframework.context.ApplicationContextException: Failed to start bean 'webServerStartStop'
2026-03-04 20:23:44 [main] INFO  org.springframework.boot.autoconfigure.logging.ConditionEvaluationReportLogger [traceId=, spanId=] - 

Error starting ApplicationContext. To display the condition evaluation report re-run your application with 'debug' enabled.
2026-03-04 20:23:44 [main] ERROR org.springframework.boot.diagnostics.LoggingFailureAnalysisReporter [traceId=, spanId=] - 

***************************
APPLICATION FAILED TO START
***************************

Description:

Web server failed to start. Port 8080 was already in use.

Action:

Identify and stop the process that's listening on port 8080 or configure this application to listen on another port.

2026-03-04 20:24:36 [background-preinit] INFO  org.hibernate.validator.internal.util.Version [traceId=, spanId=] - HV000001: Hibernate Validator 8.0.2.Final
2026-03-04 20:24:36 [main] INFO  com.lbb.apigateway.ApigatewayApplication [traceId=, spanId=] - Starting ApigatewayApplication using Java 17.0.6 with PID 4872 (/Users/thavisoukkhounlasapiphak/Desktop/EXTERNAL_PROJECT/API_GATEWAY_LBB/source_code/backend/apigateway/target/classes started by thavisoukkhounlasapiphak in /Users/thavisoukkhounlasapiphak/Desktop/EXTERNAL_PROJECT/API_GATEWAY_LBB/source_code/backend/apigateway)
2026-03-04 20:24:36 [main] INFO  com.lbb.apigateway.ApigatewayApplication [traceId=, spanId=] - No active profile set, falling back to 1 default profile: "default"
2026-03-04 20:24:36 [main] TRACE org.springframework.cloud.gateway.config.conditional.OnEnabledGlobalFilter [traceId=, spanId=] - Condition OnEnabledGlobalFilter on org.springframework.cloud.gateway.config.GatewayAutoConfiguration$NettyConfiguration#routingFilter matched
2026-03-04 20:24:36 [main] TRACE org.springframework.cloud.gateway.config.conditional.OnEnabledGlobalFilter [traceId=, spanId=] - Condition OnEnabledGlobalFilter on org.springframework.cloud.gateway.config.GatewayAutoConfiguration$NettyConfiguration#nettyWriteResponseFilter matched
2026-03-04 20:24:36 [main] TRACE org.springframework.cloud.gateway.config.conditional.OnEnabledGlobalFilter [traceId=, spanId=] - Condition OnEnabledGlobalFilter on org.springframework.cloud.gateway.config.GatewayAutoConfiguration$NettyConfiguration#reactorNettyWebSocketClient matched
2026-03-04 20:24:36 [main] TRACE org.springframework.cloud.gateway.config.conditional.OnEnabledGlobalFilter [traceId=, spanId=] - Condition OnEnabledGlobalFilter on org.springframework.cloud.gateway.config.GatewayAutoConfiguration$NettyConfiguration#reactorNettyRequestUpgradeStrategy matched
2026-03-04 20:24:36 [main] TRACE org.springframework.cloud.gateway.config.conditional.OnEnabledGlobalFilter [traceId=, spanId=] - Condition OnEnabledGlobalFilter on org.springframework.cloud.gateway.config.GatewayAutoConfiguration#adaptCachedBodyGlobalFilter matched
2026-03-04 20:24:36 [main] TRACE org.springframework.cloud.gateway.config.conditional.OnEnabledGlobalFilter [traceId=, spanId=] - Condition OnEnabledGlobalFilter on org.springframework.cloud.gateway.config.GatewayAutoConfiguration#removeCachedBodyFilter matched
2026-03-04 20:24:36 [main] TRACE org.springframework.cloud.gateway.config.conditional.OnEnabledGlobalFilter [traceId=, spanId=] - Condition OnEnabledGlobalFilter on org.springframework.cloud.gateway.config.GatewayAutoConfiguration#routeToRequestUrlFilter matched
2026-03-04 20:24:36 [main] TRACE org.springframework.cloud.gateway.config.conditional.OnEnabledGlobalFilter [traceId=, spanId=] - Condition OnEnabledGlobalFilter on org.springframework.cloud.gateway.config.GatewayAutoConfiguration#forwardRoutingFilter matched
2026-03-04 20:24:36 [main] TRACE org.springframework.cloud.gateway.config.conditional.OnEnabledGlobalFilter [traceId=, spanId=] - Condition OnEnabledGlobalFilter on org.springframework.cloud.gateway.config.GatewayAutoConfiguration#forwardPathFilter matched
2026-03-04 20:24:36 [main] TRACE org.springframework.cloud.gateway.config.conditional.OnEnabledGlobalFilter [traceId=, spanId=] - Condition OnEnabledGlobalFilter on org.springframework.cloud.gateway.config.GatewayAutoConfiguration#webSocketService matched
2026-03-04 20:24:36 [main] TRACE org.springframework.cloud.gateway.config.conditional.OnEnabledGlobalFilter [traceId=, spanId=] - Condition OnEnabledGlobalFilter on org.springframework.cloud.gateway.config.GatewayAutoConfiguration#websocketRoutingFilter matched
2026-03-04 20:24:36 [main] TRACE org.springframework.cloud.gateway.config.conditional.OnEnabledPredicate [traceId=, spanId=] - Condition OnEnabledPredicate on org.springframework.cloud.gateway.config.GatewayAutoConfiguration#weightCalculatorWebFilter matched
2026-03-04 20:24:36 [main] TRACE org.springframework.cloud.gateway.config.conditional.OnEnabledPredicate [traceId=, spanId=] - Condition OnEnabledPredicate on org.springframework.cloud.gateway.config.GatewayAutoConfiguration#afterRoutePredicateFactory matched
2026-03-04 20:24:36 [main] TRACE org.springframework.cloud.gateway.config.conditional.OnEnabledPredicate [traceId=, spanId=] - Condition OnEnabledPredicate on org.springframework.cloud.gateway.config.GatewayAutoConfiguration#beforeRoutePredicateFactory matched
2026-03-04 20:24:36 [main] TRACE org.springframework.cloud.gateway.config.conditional.OnEnabledPredicate [traceId=, spanId=] - Condition OnEnabledPredicate on org.springframework.cloud.gateway.config.GatewayAutoConfiguration#betweenRoutePredicateFactory matched
2026-03-04 20:24:36 [main] TRACE org.springframework.cloud.gateway.config.conditional.OnEnabledPredicate [traceId=, spanId=] - Condition OnEnabledPredicate on org.springframework.cloud.gateway.config.GatewayAutoConfiguration#cookieRoutePredicateFactory matched
2026-03-04 20:24:36 [main] TRACE org.springframework.cloud.gateway.config.conditional.OnEnabledPredicate [traceId=, spanId=] - Condition OnEnabledPredicate on org.springframework.cloud.gateway.config.GatewayAutoConfiguration#headerRoutePredicateFactory matched
2026-03-04 20:24:36 [main] TRACE org.springframework.cloud.gateway.config.conditional.OnEnabledPredicate [traceId=, spanId=] - Condition OnEnabledPredicate on org.springframework.cloud.gateway.config.GatewayAutoConfiguration#hostRoutePredicateFactory matched
2026-03-04 20:24:36 [main] TRACE org.springframework.cloud.gateway.config.conditional.OnEnabledPredicate [traceId=, spanId=] - Condition OnEnabledPredicate on org.springframework.cloud.gateway.config.GatewayAutoConfiguration#methodRoutePredicateFactory matched
2026-03-04 20:24:36 [main] TRACE org.springframework.cloud.gateway.config.conditional.OnEnabledPredicate [traceId=, spanId=] - Condition OnEnabledPredicate on org.springframework.cloud.gateway.config.GatewayAutoConfiguration#pathRoutePredicateFactory matched
2026-03-04 20:24:36 [main] TRACE org.springframework.cloud.gateway.config.conditional.OnEnabledPredicate [traceId=, spanId=] - Condition OnEnabledPredicate on org.springframework.cloud.gateway.config.GatewayAutoConfiguration#queryRoutePredicateFactory matched
2026-03-04 20:24:36 [main] TRACE org.springframework.cloud.gateway.config.conditional.OnEnabledPredicate [traceId=, spanId=] - Condition OnEnabledPredicate on org.springframework.cloud.gateway.config.GatewayAutoConfiguration#readBodyPredicateFactory matched
2026-03-04 20:24:36 [main] TRACE org.springframework.cloud.gateway.config.conditional.OnEnabledPredicate [traceId=, spanId=] - Condition OnEnabledPredicate on org.springframework.cloud.gateway.config.GatewayAutoConfiguration#remoteAddrRoutePredicateFactory matched
2026-03-04 20:24:36 [main] TRACE org.springframework.cloud.gateway.config.conditional.OnEnabledPredicate [traceId=, spanId=] - Condition OnEnabledPredicate on org.springframework.cloud.gateway.config.GatewayAutoConfiguration#xForwardedRemoteAddrRoutePredicateFactory matched
2026-03-04 20:24:36 [main] TRACE org.springframework.cloud.gateway.config.conditional.OnEnabledPredicate [traceId=, spanId=] - Condition OnEnabledPredicate on org.springframework.cloud.gateway.config.GatewayAutoConfiguration#weightRoutePredicateFactory matched
2026-03-04 20:24:36 [main] TRACE org.springframework.cloud.gateway.config.conditional.OnEnabledPredicate [traceId=, spanId=] - Condition OnEnabledPredicate on org.springframework.cloud.gateway.config.GatewayAutoConfiguration#cloudFoundryRouteServiceRoutePredicateFactory matched
2026-03-04 20:24:36 [main] TRACE org.springframework.cloud.gateway.config.conditional.OnEnabledFilter [traceId=, spanId=] - Condition OnEnabledFilter on org.springframework.cloud.gateway.config.GatewayAutoConfiguration#addRequestHeaderGatewayFilterFactory matched
2026-03-04 20:24:36 [main] TRACE org.springframework.cloud.gateway.config.conditional.OnEnabledFilter [traceId=, spanId=] - Condition OnEnabledFilter on org.springframework.cloud.gateway.config.GatewayAutoConfiguration#addRequestHeadersIfNotPresentGatewayFilterFactory matched
2026-03-04 20:24:36 [main] TRACE org.springframework.cloud.gateway.config.conditional.OnEnabledFilter [traceId=, spanId=] - Condition OnEnabledFilter on org.springframework.cloud.gateway.config.GatewayAutoConfiguration#mapRequestHeaderGatewayFilterFactory matched
2026-03-04 20:24:36 [main] TRACE org.springframework.cloud.gateway.config.conditional.OnEnabledFilter [traceId=, spanId=] - Condition OnEnabledFilter on org.springframework.cloud.gateway.config.GatewayAutoConfiguration#addRequestParameterGatewayFilterFactory matched
2026-03-04 20:24:36 [main] TRACE org.springframework.cloud.gateway.config.conditional.OnEnabledFilter [traceId=, spanId=] - Condition OnEnabledFilter on org.springframework.cloud.gateway.config.GatewayAutoConfiguration#addResponseHeaderGatewayFilterFactory matched
2026-03-04 20:24:36 [main] TRACE org.springframework.cloud.gateway.config.conditional.OnEnabledFilter [traceId=, spanId=] - Condition OnEnabledFilter on org.springframework.cloud.gateway.config.GatewayAutoConfiguration#modifyRequestBodyGatewayFilterFactory matched
2026-03-04 20:24:36 [main] TRACE org.springframework.cloud.gateway.config.conditional.OnEnabledFilter [traceId=, spanId=] - Condition OnEnabledFilter on org.springframework.cloud.gateway.config.GatewayAutoConfiguration#dedupeResponseHeaderGatewayFilterFactory matched
2026-03-04 20:24:36 [main] TRACE org.springframework.cloud.gateway.config.conditional.OnEnabledFilter [traceId=, spanId=] - Condition OnEnabledFilter on org.springframework.cloud.gateway.config.GatewayAutoConfiguration#modifyResponseBodyGatewayFilterFactory matched
2026-03-04 20:24:36 [main] TRACE org.springframework.cloud.gateway.config.conditional.OnEnabledFilter [traceId=, spanId=] - Condition OnEnabledFilter on org.springframework.cloud.gateway.config.GatewayAutoConfiguration#cacheRequestBodyGatewayFilterFactory matched
2026-03-04 20:24:36 [main] TRACE org.springframework.cloud.gateway.config.conditional.OnEnabledFilter [traceId=, spanId=] - Condition OnEnabledFilter on org.springframework.cloud.gateway.config.GatewayAutoConfiguration#prefixPathGatewayFilterFactory matched
2026-03-04 20:24:36 [main] TRACE org.springframework.cloud.gateway.config.conditional.OnEnabledFilter [traceId=, spanId=] - Condition OnEnabledFilter on org.springframework.cloud.gateway.config.GatewayAutoConfiguration#preserveHostHeaderGatewayFilterFactory matched
2026-03-04 20:24:36 [main] TRACE org.springframework.cloud.gateway.config.conditional.OnEnabledFilter [traceId=, spanId=] - Condition OnEnabledFilter on org.springframework.cloud.gateway.config.GatewayAutoConfiguration#redirectToGatewayFilterFactory matched
2026-03-04 20:24:36 [main] TRACE org.springframework.cloud.gateway.config.conditional.OnEnabledFilter [traceId=, spanId=] - Condition OnEnabledFilter on org.springframework.cloud.gateway.config.GatewayAutoConfiguration#removeJsonAttributesResponseBodyGatewayFilterFactory matched
2026-03-04 20:24:36 [main] TRACE org.springframework.cloud.gateway.config.conditional.OnEnabledFilter [traceId=, spanId=] - Condition OnEnabledFilter on org.springframework.cloud.gateway.config.GatewayAutoConfiguration#removeRequestHeaderGatewayFilterFactory matched
2026-03-04 20:24:36 [main] TRACE org.springframework.cloud.gateway.config.conditional.OnEnabledFilter [traceId=, spanId=] - Condition OnEnabledFilter on org.springframework.cloud.gateway.config.GatewayAutoConfiguration#removeRequestParameterGatewayFilterFactory matched
2026-03-04 20:24:36 [main] TRACE org.springframework.cloud.gateway.config.conditional.OnEnabledFilter [traceId=, spanId=] - Condition OnEnabledFilter on org.springframework.cloud.gateway.config.GatewayAutoConfiguration#removeResponseHeaderGatewayFilterFactory matched
2026-03-04 20:24:36 [main] TRACE org.springframework.cloud.gateway.config.conditional.OnEnabledFilter [traceId=, spanId=] - Condition OnEnabledFilter on org.springframework.cloud.gateway.config.GatewayAutoConfiguration#rewritePathGatewayFilterFactory matched
2026-03-04 20:24:36 [main] TRACE org.springframework.cloud.gateway.config.conditional.OnEnabledFilter [traceId=, spanId=] - Condition OnEnabledFilter on org.springframework.cloud.gateway.config.GatewayAutoConfiguration#retryGatewayFilterFactory matched
2026-03-04 20:24:36 [main] TRACE org.springframework.cloud.gateway.config.conditional.OnEnabledFilter [traceId=, spanId=] - Condition OnEnabledFilter on org.springframework.cloud.gateway.config.GatewayAutoConfiguration#setPathGatewayFilterFactory matched
2026-03-04 20:24:36 [main] TRACE org.springframework.cloud.gateway.config.conditional.OnEnabledFilter [traceId=, spanId=] - Condition OnEnabledFilter on org.springframework.cloud.gateway.config.GatewayAutoConfiguration#secureHeadersGatewayFilterFactory matched
2026-03-04 20:24:36 [main] TRACE org.springframework.cloud.gateway.config.conditional.OnEnabledFilter [traceId=, spanId=] - Condition OnEnabledFilter on org.springframework.cloud.gateway.config.GatewayAutoConfiguration#setRequestHeaderGatewayFilterFactory matched
2026-03-04 20:24:36 [main] TRACE org.springframework.cloud.gateway.config.conditional.OnEnabledFilter [traceId=, spanId=] - Condition OnEnabledFilter on org.springframework.cloud.gateway.config.GatewayAutoConfiguration#setRequestHostHeaderGatewayFilterFactory matched
2026-03-04 20:24:36 [main] TRACE org.springframework.cloud.gateway.config.conditional.OnEnabledFilter [traceId=, spanId=] - Condition OnEnabledFilter on org.springframework.cloud.gateway.config.GatewayAutoConfiguration#setResponseHeaderGatewayFilterFactory matched
2026-03-04 20:24:36 [main] TRACE org.springframework.cloud.gateway.config.conditional.OnEnabledFilter [traceId=, spanId=] - Condition OnEnabledFilter on org.springframework.cloud.gateway.config.GatewayAutoConfiguration#rewriteResponseHeaderGatewayFilterFactory matched
2026-03-04 20:24:36 [main] TRACE org.springframework.cloud.gateway.config.conditional.OnEnabledFilter [traceId=, spanId=] - Condition OnEnabledFilter on org.springframework.cloud.gateway.config.GatewayAutoConfiguration#rewriteLocationResponseHeaderGatewayFilterFactory matched
2026-03-04 20:24:36 [main] TRACE org.springframework.cloud.gateway.config.conditional.OnEnabledFilter [traceId=, spanId=] - Condition OnEnabledFilter on org.springframework.cloud.gateway.config.GatewayAutoConfiguration#setStatusGatewayFilterFactory matched
2026-03-04 20:24:36 [main] TRACE org.springframework.cloud.gateway.config.conditional.OnEnabledFilter [traceId=, spanId=] - Condition OnEnabledFilter on org.springframework.cloud.gateway.config.GatewayAutoConfiguration#saveSessionGatewayFilterFactory matched
2026-03-04 20:24:36 [main] TRACE org.springframework.cloud.gateway.config.conditional.OnEnabledFilter [traceId=, spanId=] - Condition OnEnabledFilter on org.springframework.cloud.gateway.config.GatewayAutoConfiguration#stripPrefixGatewayFilterFactory matched
2026-03-04 20:24:36 [main] TRACE org.springframework.cloud.gateway.config.conditional.OnEnabledFilter [traceId=, spanId=] - Condition OnEnabledFilter on org.springframework.cloud.gateway.config.GatewayAutoConfiguration#requestHeaderToRequestUriGatewayFilterFactory matched
2026-03-04 20:24:36 [main] TRACE org.springframework.cloud.gateway.config.conditional.OnEnabledFilter [traceId=, spanId=] - Condition OnEnabledFilter on org.springframework.cloud.gateway.config.GatewayAutoConfiguration#requestSizeGatewayFilterFactory matched
2026-03-04 20:24:36 [main] TRACE org.springframework.cloud.gateway.config.conditional.OnEnabledFilter [traceId=, spanId=] - Condition OnEnabledFilter on org.springframework.cloud.gateway.config.GatewayAutoConfiguration#requestHeaderSizeGatewayFilterFactory matched
2026-03-04 20:24:36 [main] TRACE org.springframework.cloud.gateway.config.conditional.OnEnabledFilter [traceId=, spanId=] - Condition OnEnabledFilter on org.springframework.cloud.gateway.config.GatewayAutoConfiguration#rewriteRequestParameterGatewayFilterFactory matched
2026-03-04 20:24:36 [main] INFO  org.springframework.cloud.context.scope.GenericScope [traceId=, spanId=] - BeanFactory id=cf628ff5-696e-3324-b320-33db5673beec
2026-03-04 20:24:37 [main] DEBUG org.springframework.cloud.gateway.config.GatewayProperties [traceId=, spanId=] - Routes supplied from Gateway Properties: [RouteDefinition{id='customer_service_route', predicates=[PredicateDefinition{name='Path', args={_genkey_0=/api/customers/**}}], filters=[], uri=http://localhost:8081, order=0, metadata={}, enabled=true}]
2026-03-04 20:24:37 [main] INFO  org.springframework.cloud.gateway.route.RouteDefinitionRouteLocator [traceId=, spanId=] - Loaded RoutePredicateFactory [After]
2026-03-04 20:24:37 [main] INFO  org.springframework.cloud.gateway.route.RouteDefinitionRouteLocator [traceId=, spanId=] - Loaded RoutePredicateFactory [Before]
2026-03-04 20:24:37 [main] INFO  org.springframework.cloud.gateway.route.RouteDefinitionRouteLocator [traceId=, spanId=] - Loaded RoutePredicateFactory [Between]
2026-03-04 20:24:37 [main] INFO  org.springframework.cloud.gateway.route.RouteDefinitionRouteLocator [traceId=, spanId=] - Loaded RoutePredicateFactory [Cookie]
2026-03-04 20:24:37 [main] INFO  org.springframework.cloud.gateway.route.RouteDefinitionRouteLocator [traceId=, spanId=] - Loaded RoutePredicateFactory [Header]
2026-03-04 20:24:37 [main] INFO  org.springframework.cloud.gateway.route.RouteDefinitionRouteLocator [traceId=, spanId=] - Loaded RoutePredicateFactory [Host]
2026-03-04 20:24:37 [main] INFO  org.springframework.cloud.gateway.route.RouteDefinitionRouteLocator [traceId=, spanId=] - Loaded RoutePredicateFactory [Method]
2026-03-04 20:24:37 [main] INFO  org.springframework.cloud.gateway.route.RouteDefinitionRouteLocator [traceId=, spanId=] - Loaded RoutePredicateFactory [Path]
2026-03-04 20:24:37 [main] INFO  org.springframework.cloud.gateway.route.RouteDefinitionRouteLocator [traceId=, spanId=] - Loaded RoutePredicateFactory [Query]
2026-03-04 20:24:37 [main] INFO  org.springframework.cloud.gateway.route.RouteDefinitionRouteLocator [traceId=, spanId=] - Loaded RoutePredicateFactory [ReadBody]
2026-03-04 20:24:37 [main] INFO  org.springframework.cloud.gateway.route.RouteDefinitionRouteLocator [traceId=, spanId=] - Loaded RoutePredicateFactory [RemoteAddr]
2026-03-04 20:24:37 [main] INFO  org.springframework.cloud.gateway.route.RouteDefinitionRouteLocator [traceId=, spanId=] - Loaded RoutePredicateFactory [XForwardedRemoteAddr]
2026-03-04 20:24:37 [main] INFO  org.springframework.cloud.gateway.route.RouteDefinitionRouteLocator [traceId=, spanId=] - Loaded RoutePredicateFactory [Weight]
2026-03-04 20:24:37 [main] INFO  org.springframework.cloud.gateway.route.RouteDefinitionRouteLocator [traceId=, spanId=] - Loaded RoutePredicateFactory [CloudFoundryRouteService]
2026-03-04 20:24:37 [main] DEBUG org.springframework.web.reactive.handler.SimpleUrlHandlerMapping [traceId=, spanId=] - Patterns [/webjars/**, /**] in 'resourceHandlerMapping'
2026-03-04 20:24:37 [main] DEBUG org.springframework.web.reactive.result.method.annotation.ControllerMethodResolver [traceId=, spanId=] - ControllerAdvice beans: none
2026-03-04 20:24:37 [main] INFO  org.springframework.boot.web.embedded.netty.NettyWebServer [traceId=, spanId=] - Netty started on port 8080 (http)
2026-03-04 20:24:37 [main] DEBUG org.springframework.cloud.gateway.route.RouteDefinitionRouteLocator [traceId=, spanId=] - RouteDefinition customer_service_route applying {_genkey_0=/api/customers/**} to Path
2026-03-04 20:24:37 [main] DEBUG org.springframework.cloud.gateway.route.RouteDefinitionRouteLocator [traceId=, spanId=] - RouteDefinition matched: customer_service_route
2026-03-04 20:24:37 [main] INFO  com.lbb.apigateway.ApigatewayApplication [traceId=, spanId=] - Started ApigatewayApplication in 1.016 seconds (process running for 1.441)
2026-03-04 20:26:46 [reactor-http-nio-3] TRACE org.springframework.cloud.gateway.filter.WeightCalculatorWebFilter [traceId=, spanId=] - Weights attr: {}
2026-03-04 20:26:46 [reactor-http-nio-3] TRACE org.springframework.cloud.gateway.handler.predicate.PathRoutePredicateFactory [traceId=, spanId=] - Pattern "/api/customers/**" matches against value "/api/customers/testtoken"
2026-03-04 20:26:46 [reactor-http-nio-3] DEBUG org.springframework.cloud.gateway.handler.RoutePredicateHandlerMapping [traceId=, spanId=] - Route matched: customer_service_route
2026-03-04 20:26:46 [reactor-http-nio-3] DEBUG org.springframework.cloud.gateway.handler.RoutePredicateHandlerMapping [traceId=, spanId=] - Mapping [Exchange: GET http://localhost:8080/api/customers/testtoken] to Route{id='customer_service_route', uri=http://localhost:8081, order=0, predicate=Paths: [/api/customers/**], match trailing slash: true, gatewayFilters=[[[ModifyRequestBody Content type = [null], In class = ParameterizedTypeReference<class java.lang.String>, Out class = ParameterizedTypeReference<class java.lang.String>], order = 0], [ModifyResponseBody New content type = [null], In class = String, Out class = String]], metadata={}}
2026-03-04 20:26:46 [reactor-http-nio-3] DEBUG org.springframework.cloud.gateway.handler.RoutePredicateHandlerMapping [traceId=, spanId=] - [4b89b474-1] Mapped to org.springframework.cloud.gateway.handler.FilteringWebHandler@15214920
2026-03-04 20:26:46 [reactor-http-nio-3] DEBUG org.springframework.cloud.gateway.handler.FilteringWebHandler [traceId=, spanId=] - Sorted gatewayFilterFactories: [[GatewayFilterAdapter{delegate=org.springframework.cloud.gateway.filter.RemoveCachedBodyFilter@2dd63e3}, order = -2147483648], [GatewayFilterAdapter{delegate=org.springframework.cloud.gateway.filter.AdaptCachedBodyGlobalFilter@6f930e0}, order = -2147482648], [ModifyResponseBody New content type = [null], In class = String, Out class = String], [GatewayFilterAdapter{delegate=org.springframework.cloud.gateway.filter.NettyWriteResponseFilter@339f3a55}, order = -1], [GatewayFilterAdapter{delegate=org.springframework.cloud.gateway.filter.ForwardPathFilter@6a98f353}, order = 0], [[ModifyRequestBody Content type = [null], In class = ParameterizedTypeReference<class java.lang.String>, Out class = ParameterizedTypeReference<class java.lang.String>], order = 0], [GatewayFilterAdapter{delegate=org.springframework.cloud.gateway.filter.RouteToRequestUrlFilter@7d1c164a}, order = 10000], [GatewayFilterAdapter{delegate=org.springframework.cloud.gateway.config.GatewayNoLoadBalancerClientAutoConfiguration$NoLoadBalancerClientFilter@1e00bfe2}, order = 10150], [GatewayFilterAdapter{delegate=org.springframework.cloud.gateway.filter.WebsocketRoutingFilter@3b35798}, order = 2147483646], [GatewayFilterAdapter{delegate=org.springframework.cloud.gateway.filter.NettyRoutingFilter@4ae2e781}, order = 2147483647], [GatewayFilterAdapter{delegate=org.springframework.cloud.gateway.filter.ForwardRoutingFilter@209f3887}, order = 2147483647]]
2026-03-04 20:26:46 [reactor-http-nio-3] INFO  com.lbb.apigateway.filter.MyLogRewriteFunction [traceId=, spanId=] - Path: /api/customers/testtoken, Payload: Empty
2026-03-04 20:26:46 [reactor-http-nio-3] TRACE org.springframework.cloud.gateway.filter.RouteToRequestUrlFilter [traceId=, spanId=] - RouteToRequestUrlFilter start
2026-03-04 20:26:46 [reactor-http-nio-3] ERROR io.netty.resolver.dns.DnsServerAddressStreamProviders [traceId=, spanId=] - Unable to load io.netty.resolver.dns.macos.MacOSDnsServerAddressStreamProvider, fallback to system defaults. This may result in incorrect DNS resolutions on MacOS. Check whether you have a dependency on 'io.netty:netty-resolver-dns-native-macos'. Use DEBUG level to see the full stack: java.lang.UnsatisfiedLinkError: failed to load the required native library
2026-03-04 20:26:46 [reactor-http-nio-3] TRACE org.springframework.cloud.gateway.filter.NettyRoutingFilter [traceId=, spanId=] - outbound route: 75a3d4e5, inbound: [4b89b474-1] 
2026-03-04 20:26:46 [reactor-http-nio-3] TRACE org.springframework.cloud.gateway.filter.NettyWriteResponseFilter [traceId=, spanId=] - NettyWriteResponseFilter start inbound: 75a3d4e5, outbound: [4b89b474-1] 
2026-03-04 20:26:46 [reactor-http-nio-3] INFO  com.lbb.apigateway.filter.MyLogResponseRewriteFunction [traceId=, spanId=] - --- Response Body Log ---
2026-03-04 20:26:46 [reactor-http-nio-3] INFO  com.lbb.apigateway.filter.MyLogResponseRewriteFunction [traceId=, spanId=] - Path: /api/customers/testtoken, Payload: testtoken LBB
